[04:06:24] INFO: Network Config: ipconfig.xml exists using manual configuration... 
[04:06:24] INFO: Loaded 6 Filter Words. 
[04:06:24] INFO: Sunrise Configs Loaded... 
[04:06:24] INFO: Updated characters online status. 
[04:06:24] INFO: Cleaned up invalid Weddings. 
[04:06:24] INFO: Cleaned 0 elements from database in 0 s 
[04:06:24] INFO: Cleaned 0 expired timestamps from database. 
[04:06:24] INFO: BitSetIDFactory: 102912 id's available. 
[04:06:24] INFO: -------------------------------------------------=[ Engines ] 
[04:06:25] INFO: Script Engine: jython 2.2.1 - Language: python - Language Version: 2.2.1 
[04:06:25] INFO: Script Engine: java 1.8 - Language: java - Language Version: 1.8 
[04:06:25] INFO: Script Engine: Oracle Nashorn 1.8.0_222 - Language: ECMAScript - Language Version: ECMA - 262 Edition 5.1 
[04:06:25] INFO: -------------------------------------------------=[ Geodata ] 
[25/09 04:06:25] Using Null GeoDriver.
[04:06:25] INFO: ---------------------------------------------------=[ World ] 
[04:06:25] INFO: GameTimeController: Started. 
[04:06:25] INFO: InstanceManager: Multiverse Instance created. 
[04:06:25] INFO: InstanceManager: Universe Instance created. 
[04:06:25] INFO: InstanceManager: Loaded 160 instance names. 
[04:06:25] INFO: L2World: (128 by 136) World Region Grid set up. 
[04:06:25] INFO: MapRegionManager: Loaded 57 map regions. 
[04:06:25] INFO: GlobalVariablesManager: Loaded 7 variables. 
[04:06:25] INFO: ----------------------------------------------------=[ Data ] 
[04:06:25] INFO: CategoryData: Loaded 124 Categories. 
[04:06:25] INFO: SecondaryAuthData: Loaded 328 forbidden passwords. 
[04:06:25] INFO: -------------------------------------------------=[ Effects ] 
[04:06:27] INFO: EffectHandler: Loaded 148 Handlers 
[04:06:27] INFO: ------------------------------------=[ Enchant Skill Groups ] 
[04:06:27] INFO: EnchantSkillGroupsData: Loaded 4 groups and 90 routes. 
[04:06:27] INFO: ---------------------------------------------=[ Skill Trees ] 
[04:06:28] INFO: SkillTreesData: Loaded 17176 Class Skills. 
[04:06:28] INFO: SkillTreesData: Loaded 76 Sub-Class Skills. 
[04:06:28] INFO: SkillTreesData: Loaded 77 Transfer Skills. 
[04:06:28] INFO: SkillTreesData: Loaded 117 Fishing Skills. 
[04:06:28] INFO: SkillTreesData: Loaded 3 Collect Skills. 
[04:06:28] INFO: SkillTreesData: Loaded 74 Pledge Skills. 
[04:06:28] INFO: SkillTreesData: Loaded 18 Sub-Pledge Skills. 
[04:06:28] INFO: SkillTreesData: Loaded 32 Transform Skills. 
[04:06:28] INFO: SkillTreesData: Loaded 8 Noble Skills. 
[04:06:28] INFO: SkillTreesData: Loaded 5 Hero Skills. 
[04:06:28] INFO: SkillTreesData: Loaded 46 Game Master Skills. 
[04:06:28] INFO: SkillTreesData: Loaded 46 Game Master Aura Skills. 
[04:06:28] INFO: --------------------------------------------------=[ Skills ] 
[04:06:30] INFO: DocumentEngine: Loaded 66008 Skill templates from XML files. 
[04:06:30] INFO: SummonSkillsTable: Loaded 1891 skills. 
[04:06:30] INFO: ---------------------------------------------------=[ Items ] 
[04:06:31] INFO: ItemData: Highest item id used:50105 
[04:06:31] INFO: ItemData: Loaded: 11495 Etc Items 
[04:06:31] INFO: ItemData: Loaded: 3844 Armor Items 
[04:06:31] INFO: ItemData: Loaded: 3893 Weapon Items 
[04:06:31] INFO: ItemData: Loaded: 19232 Items in total. 
[04:06:31] INFO: EnchantItemGroupsData: Loaded: 4 item group templates. 
[04:06:31] INFO: EnchantItemGroupsData: Loaded: 1 scroll group templates. 
[04:06:31] INFO: EnchantItemData: Loaded 67 Enchant Scrolls. 
[04:06:31] INFO: EnchantItemData: Loaded 20 Support Items. 
[04:06:31] INFO: EnchantItemOptionsData: Loaded: 23 Items and 1093 Options. 
[04:06:32] INFO: OptionData: Loaded: 24985 Options. 
[04:06:32] INFO: EnchantItemHPBonusData: Loaded 6 Enchant HP Bonuses. 
[04:06:32] INFO: MerchantPriceConfigData: Loaded 28 merchant price configs. 
[04:06:33] WARN: BuyListData: Folder /home/ubuntu/L2iTeam/game/data/xml/buylists/custom doesn't exist! 
[04:06:33] INFO: BuyListData: Loaded 760 BuyLists. 
[04:06:34] INFO: MultisellData: Loaded 338 multisell lists. 
[04:06:34] INFO: RecipeData: Loaded 1000 recipes. 
[04:06:34] INFO: ArmorSetsData: Loaded 198 Armor sets. 
[04:06:34] INFO: FishData: Loaded 278 Fishes. 
[04:06:34] INFO: FishingMonstersData: Loaded 8 Fishing Monsters. 
[04:06:34] INFO: FishingRodsData: Loaded 6 Fishing Rods. 
[04:06:34] INFO: HennaData: Loaded 180 Henna data. 
[04:06:34] INFO: -------------------------------------------=[ Product Items ] 
[04:06:34] INFO: ProductItemData: Loaded 1005 items for Item Mall. 
[04:06:34] INFO: ----------------------------------------------=[ Characters ] 
[04:06:34] INFO: ClassListData: Loaded 107 Class data. 
[04:06:34] INFO: InitialEquipmentData: Loaded 11 Initial Equipment data. 
[04:06:34] INFO: InitialShortcutData: Loaded 5 Initial Global Shortcuts data. 
[04:06:34] INFO: InitialShortcutData: Loaded 4 Initial Shortcuts data. 
[04:06:34] INFO: InitialShortcutData: Loaded 0 Macros presets. 
[04:06:34] INFO: ExperienceData: Loaded 87 levels. 
[04:06:34] INFO: ExperienceData: Max Player Level is: 85 
[04:06:34] INFO: ExperienceData: Max Pet Level is: 86 
[04:06:34] INFO: KarmaData: Loaded 85 karma modifiers. 
[04:06:34] INFO: HitConditionBonusData: Loaded Hit Condition bonuses. 
[04:06:34] INFO: PlayerTemplateData: Loaded 103 character templates. 
[04:06:34] INFO: PlayerTemplateData: Loaded 52530 level up gain records. 
[04:06:34] INFO: CharNameTable: Loaded 10 char names. 
[04:06:34] INFO: AdminData: Loaded: 10 Access Levels. 
[04:06:34] INFO: AdminData: Loaded: 453 Access Commands. 
[04:06:34] INFO: RaidBossPointsManager: Loaded 1 Characters Raid Points. 
[04:06:35] INFO: PetData: Loaded 52 Pets. 
[04:06:35] INFO: ---------------------------------------------------=[ Clans ] 
[04:06:35] INFO: Loaded 6 forums. Last forum id used: 6 
[04:06:35] INFO: ClanTable: Restored 2 clans from the database. 
[04:06:35] INFO: CHSiegeManager: Loaded 6 conquerable clan halls. 
[04:06:35] INFO: AuctionManager: Loaded: 37 auction(s) 
[04:06:35] INFO: ClanHallManager: Loaded: 1 clan halls 
[04:06:35] INFO: ClanHallManager: Loaded: 37 free clan halls 
[04:06:35] INFO: ----------------------------------------------------=[ NPCs ] 
[04:06:35] INFO: HerbDropData: Loaded 9 herb groups. 
[04:06:35] INFO: SkillLearnData: Loaded 256 Skill Learn data. 
[04:06:35] INFO: NpcTable: Loaded 10465 (Custom: 41) NPC template(s). 
[04:06:35] INFO: NpcTable: Loaded 103018 (Custom: 17) NPC skills. 
[04:06:35] INFO: NpcTable: Loaded 44235 (Custom: 5) drops. 
[04:06:35] INFO: NpcTable: Loaded 526 Minions. 
[04:06:36] INFO: NpcTable: Loaded 10461 (Custom: 38) AI Data. 
[04:06:36] INFO: NpcTable: Loaded 10460 (Custom: 1) Elementals Data. 
[04:06:36] INFO: WalkingManager: Loaded 123 walking routes. 
[04:06:36] INFO: StaticObjectsData: Loaded 51 StaticObject Templates. 
[04:06:37] INFO: DoorData: Loaded 1301 Door Templates for 21 regions. 
[04:06:37] INFO: GrandBossManager: Queen Ant(29001) status is 0. 
[04:06:37] INFO: GrandBossManager: Core(29006) status is 0. 
[04:06:37] INFO: GrandBossManager: Orfen(29014) status is 0. 
[04:06:37] INFO: GrandBossManager: Baium(29020) status is 0. 
[04:06:37] INFO: GrandBossManager: Valakas(29028) status is 0. 
[04:06:37] INFO: GrandBossManager: Andreas Van Halter(29062) status is 0. 
[04:06:37] INFO: GrandBossManager: Antharas(29068) status is 0. 
[04:06:37] INFO: GrandBossManager: Beleth(29118) status is 3. 
[04:06:37] INFO: GrandBossManager: Next spawn date of Beleth is Thu Oct 03 14:08:39 BRT 2019. 
[04:06:37] INFO: GrandBossManager: Loaded 8 Instances 
[04:06:38] INFO: ZoneManager: Loaded 29 zone classes and 2828 zones. 
[04:06:38] INFO: ZoneManager: Loaded 0 NPC spawn territoriers. 
[04:06:38] INFO: CastleManager: Loaded: 9 castles 
[04:06:39] INFO: FortManager: Loaded: 21 fortress 
[04:06:39] INFO: NpcBufferTable: Loaded 1 buffers and 10 skills. 
[04:06:39] INFO: GrandBossManager: Initialized 10 Grand Boss Zones 
[04:06:39] INFO: -----------------------------------------=[ Auction Manager ] 
[04:06:39] INFO: ItemAuctionInstance: Loaded 82 item(s) and registered 2 auction(s) for instance 32320. 
[04:06:39] INFO: ItemAuctionInstance: Schedule next auction 4 on 17:00:00 27.09.19 for instance 32320 
[04:06:39] INFO: ItemAuctionInstance: Loaded 82 item(s) and registered 2 auction(s) for instance 32321. 
[04:06:39] INFO: ItemAuctionInstance: Schedule next auction 5 on 17:00:00 30.09.19 for instance 32321 
[04:06:39] INFO: ItemAuctionInstance: Loaded 82 item(s) and registered 1 auction(s) for instance 32322. 
[04:06:39] INFO: ItemAuctionInstance: Schedule next auction 3 on 17:00:00 25.09.19 for instance 32322 
[04:06:39] INFO: ItemAuctionManager: Loaded 3 instance(s). 
[04:06:39] INFO: ------------------------------------------------=[ Olympiad ] 
[04:06:39] INFO: Olympiad System: Loading Olympiad System.... 
[04:06:39] INFO: Olympiad System: Currently in Olympiad Period 
[04:06:39] INFO: Olympiad System: Period ends at 01/10/2019 00:00 
[04:06:39] INFO: Olympiad System: In 5 days, 19 hours and 53 mins. 
[04:06:39] INFO: Olympiad System: Next Weekly Change is in.... 
[04:06:39] INFO: Olympiad System: In 1 days, 18 hours and 43 mins. 
[04:06:39] INFO: Olympiad System: Loaded 1 Noblesses 
[04:06:39] INFO: Olympiad System: Competition Period Starts in 0 days, 13 hours and 53 mins. 
[04:06:39] INFO: Olympiad System: Event starts/started : Wed Sep 25 18:00:39 BRT 2019 
[04:06:39] INFO: Hero System: Loaded 0 Heroes. 
[04:06:39] INFO: Hero System: Loaded 0 all time Heroes. 
[04:06:39] INFO: ---------------------------------------------=[ Seven Signs ] 
[04:06:39] INFO: SevenSigns: Currently in the Seal Validation period! 
[04:06:39] INFO: SevenSigns: The Seal of Avarice remains unclaimed. 
[04:06:39] INFO: SevenSigns: The Seal of Gnosis remains unclaimed. 
[04:06:39] INFO: SevenSigns: The Seal of Strife remains unclaimed. 
[04:06:39] INFO: SevenSigns: The competition ended with a tie last week. 
[04:06:39] INFO: SevenSigns: Next period change set to Mon Sep 30 18:00:39 BRT 2019 
[04:06:39] INFO: SevenSigns: Next period in 5 days 13 hours and 53 mins. 
[04:06:39] INFO: ---------------------------------------------------=[ Cache ] 
[04:06:39] INFO: Cache[HTML]: Running lazy cache 
[04:06:39] INFO: CrestTable: Loaded 1 Crests. 
[04:06:39] INFO: TeleportLocationTable: Loaded 957 Teleport Location Templates. 
[04:06:39] INFO: UIData: Loaded 4 keys 5 categories. 
[04:06:39] INFO: AugmentationData: Loaded: 33960 augmentations. 
[04:06:39] INFO: AugmentationData: Loaded: 2754 accessory augmentations. 
[04:06:39] INFO: CursedWeaponsManager: Loaded : 2 cursed weapon(s). 
[04:06:39] INFO: TransformData: Loaded: 111 transform templates. 
[04:06:39] WARN: TransformData: Folder /home/ubuntu/L2iTeam/game/data/xml/stats/transformations/custom doesn't exist! 
[04:06:39] INFO: TransformData: Loaded 0 custom transform templates. 
[04:06:39] INFO: BotReportTable: Loaded 0 bot reports 
[04:06:39] INFO: -------------------------------------------------=[ Scripts ] 
[04:06:39] INFO: AirShipManager: Loaded 0 private airships 
[04:06:39] INFO: ----------------------------------------=[ Datapack Scripts ] 
[04:06:45] INFO: BloodAltarsLoader: Loading related scripts. 
[04:06:45] INFO: ConquerableHallsLoader: Loading related scripts. 
[04:06:45] INFO: Devastated Castle: Thu Oct 03 12:00:00 BRT 2019 
[04:06:45] INFO: Fortress of Resistance: Thu Oct 03 12:00:00 BRT 2019 
[04:06:45] INFO: Fortresss of the Dead: Thu Oct 03 12:00:00 BRT 2019 
[04:06:45] INFO: Rainbow Springs: Thu Oct 03 12:00:00 BRT 2019 
[04:06:45] INFO: CustomsLoader: Loading related scripts. 
[04:06:45] INFO: 5th Anniversary Event - OFF 
[04:06:45] INFO: EventsLoader: Loading related scripts. 
[04:06:45] INFO: FeaturesLoader: Loading related scripts. 
[04:06:45] INFO: GraciaLoader: Loading related scripts. 
[04:06:45] INFO: Seed of Destruction Manager: Loaded. Current stage is: 1 
[04:06:45] INFO: SeedOfDestruction: Loaded 51 spawn zones data. 
[04:06:45] INFO: SeedOfDestruction: Loaded 548 spawns data. 
[04:06:45] INFO: GrandBossLoader: Loading related scripts. 
[04:06:45] INFO: GrandBossManager: Updated Andreas Van Halter(29062) status to 0 
[04:06:45] INFO: GroupTemplatesLoader: Loading related scripts. 
[04:06:46] INFO: IndividualLoader: Loading related scripts. 
[04:06:46] INFO: HellboundLoader: Loading related scripts. 
[04:06:46] INFO: HellboundPointData: Loaded 47 trust point reward data. 
[04:06:46] INFO: HellboundSpawns: Loaded 598 Hellbound spawns. 
[04:06:46] INFO: HellboundEngine: Level: 11 
[04:06:46] INFO: HellboundEngine: Trust: 4000000 
[04:06:46] INFO: HellboundEngine: Status: unlocked. 
[04:06:46] INFO: RaidBossSpawnManager: Loaded 188 Instances 
[04:06:46] INFO: RaidBossSpawnManager: Scheduled 0 Instances 
[04:06:46] INFO: InstanceLoader: Loading related scripts. 
[04:06:46] INFO: MasterHandler: Loading related scripts. 
[04:06:46] INFO: ActionHandler: Loaded 10 Handlers 
[04:06:46] INFO: ActionShiftHandler: Loaded 6 Handlers 
[04:06:46] INFO: AdminCommandHandler: Loaded 466 Handlers 
[04:06:46] INFO: BypassHandler: Loaded 50 Handlers 
[04:06:46] INFO: ChatHandler: Loaded 14 Handlers 
[04:06:46] INFO: ItemHandler: Loaded 34 Handlers 
[04:06:46] INFO: PunishmentHandler: Loaded 3 Handlers 
[04:06:46] INFO: SkillHandler: Loaded 27 Handlers 
[04:06:46] INFO: UserCommandHandler: Loaded 17 Handlers 
[04:06:46] INFO: VoicedCommandHandler: Loaded 41 Handlers 
[04:06:46] INFO: TargetHandler: Loaded 35 Handlers 
[04:06:46] INFO: TelnetHandler: Loaded 20 Handlers 
[04:06:46] INFO: ModifiersLoader: Loading related scripts. 
[04:06:46] INFO: NpcLoader: Loading related scripts. 
[04:06:46] INFO: NpcBuffersData: Loaded: 33 buffers data. 
[04:06:46] INFO: QuestLoader: Loading related scripts. 
[04:06:46] INFO: EnhanceYourWeapon: Loaded 54 Soul Crystal data. 
[04:06:46] INFO: EnhanceYourWeapon: Loaded 243 npc Leveling info data. 
[04:06:46] INFO: SunriseNpcsLoader: Loading related scripts. 
[04:06:46] INFO: TeleportersLoader: Loading related scripts. 
[04:06:46] INFO: VillageMastersLoader: Loading related scripts. 
[04:06:46] INFO: ZonesLoader: Loading related scripts. 
[04:06:46] INFO: Handy's Block Checker Event is enabled 
[04:06:46] INFO: Fantasy Isle: Parade starting at 2019/09/25 05:20 and is scheduled each next 1 hours. 
[04:06:46] INFO: GlobalLoader: Global scripts loaded in 1259 ms. 
[04:06:47] INFO: Bandit StrongHold: Thu Oct 03 12:00:00 BRT 2019 
[04:06:47] INFO: Beast Farm: Thu Oct 03 12:00:00 BRT 2019 
[04:06:47] INFO: HellboundEngine: Spawned 488 NPCs. 
[04:06:47] INFO: TerritoryWarSuperClass: Sun Sep 29 22:00:00 BRT 2019 
[04:06:48] INFO: --------------------------------------------=[ Gracia Seeds ] 
[04:06:48] INFO: Seed of Infinity Manager: Loaded. Current stage is: 1 
[04:06:48] INFO: --------------------------------------------------=[ Spawns ] 
[04:06:49] INFO: SpawnTable: Loaded 3946 npc spawns. 
[04:06:50] WARN: SpawnTable: Data missing in NPC table for ID: 557. 
[04:06:50] WARN: SpawnTable: Data missing in NPC table for ID: 540. 
[04:06:50] INFO: SpawnTable: Loaded 29 custom npc spawns. 
[04:06:50] INFO: SpawnTable: Loaded 1190 npc spawns from XML. 
[04:06:50] INFO: DayNightSpawnManager: Removed 0 day creatures 
[04:06:50] INFO: DayNightSpawnManager: Spawned 553 night creatures 
[04:06:50] INFO: DayNightSpawnManager: Spawning Hellman raidboss 
[04:06:50] INFO: FourSepulchersManager: loaded 20 Mysterious-Box spawns. 
[04:06:50] INFO: FourSepulchersManager: loaded 716 Physical monsters. 
[04:06:50] INFO: FourSepulchersManager: loaded 716 Magical monsters. 
[04:06:50] INFO: FourSepulchersManager: loaded 92 Church of duke monsters. 
[04:06:50] INFO: FourSepulchersManager: loaded 68 Emperor's grave NPCs. 
[04:06:50] INFO: FourSepulchersManager: spawned Conquerors' Sepulcher Manager 
[04:06:50] INFO: FourSepulchersManager: spawned Emperors' Sepulcher Manager 
[04:06:50] INFO: FourSepulchersManager: spawned Great Sages' Sepulcher Manager 
[04:06:50] INFO: FourSepulchersManager: spawned Judges' Sepulcher Manager 
[04:06:50] INFO: FourSepulchersManager: Beginning in Attack time 
[04:06:50] INFO: DimensionalRiftManager: Loaded 7 room types with 56 rooms. 
[04:06:50] INFO: DimensionalRiftManager: Loaded 462 dimensional rift spawns. 
[04:06:50] INFO: ---------------------------------------------------=[ Siege ] 
[04:06:50] INFO: Siege of Gludio: Sun Sep 29 16:00:00 BRT 2019 
[04:06:50] INFO: Siege of Dion: Sun Sep 29 16:00:00 BRT 2019 
[04:06:50] INFO: Siege of Giran: Sun Sep 29 16:00:00 BRT 2019 
[04:06:50] INFO: Siege of Oren: Sun Sep 29 16:00:00 BRT 2019 
[04:06:50] INFO: Siege of Aden: Sun Sep 29 16:00:00 BRT 2019 
[04:06:50] INFO: Siege of Innadril: Sun Sep 29 20:00:00 BRT 2019 
[04:06:50] INFO: Siege of Goddard: Sun Sep 29 20:00:00 BRT 2019 
[04:06:50] INFO: Siege of Rune: Sun Sep 29 20:00:00 BRT 2019 
[04:06:50] INFO: Siege of Schuttgart: Sun Sep 29 20:00:00 BRT 2019 
[04:06:50] INFO: SiegeScheduleData: Loaded: 2 siege schedulers. 
[04:06:50] INFO: CastleManorManager: Manor system is deactivated. 
[04:06:50] INFO: MercTicketManager: Loaded: 0 Mercenary Tickets 
[04:06:50] INFO: QuestManager: Loaded: 528 quests. 
[04:06:50] INFO: QuestManager: Loaded: 341 scripts. 
[04:06:50] INFO: --------------------------------------------------=[ Others ] 
[04:06:50] INFO: SevenSignsFestival: Initialization bypassed due to Seal Validation in effect. 
[04:06:50] INFO: Event ID: (Squash Event) has passed... Ignored. 
[04:06:50] INFO: FaenorScriptEngine: Loaded  SquashEvent.xml successfully. 
[04:06:50] INFO: Event ID: (Valentines Event) has passed... Ignored. 
[04:06:50] INFO: FaenorScriptEngine: Loaded  Valentines.xml successfully. 
[04:06:50] INFO: TaskManager: Loaded: 15 Tasks 
[04:06:50] INFO: PunishmentManager: Loaded 0 active and 0 expired punishments. 
[04:06:50] INFO: --------------------------------------------=[ Event Engine ] 
[04:06:50] INFO: Event Engine: Loaded GlobalConfigs engine. 
[04:06:50] INFO: Event Engine: Debug messages are stored in 'log/EventEngine/EventEngine_detailed_1.log' 
[04:06:50] INFO: Event Engine: Thanks for using a legal version. 
[04:06:50] INFO: Event Engine: Loading engine version 2.2... 
[04:06:50] INFO: Event Engine: Using HighFive interface (for engine v2.1). 
[04:06:50] INFO: Event Engine: Loading Admin htmls from the jar file. 
[04:06:50] INFO: Event Engine: Loaded 58 HTML files from event-engine.jar 
[04:06:50] INFO: Event Engine: Loaded HTML manager. 
[04:06:50] INFO: Event Engine: Loading events... 
[04:06:50] INFO: Event Engine: Next event in 10 minutes. 
[04:06:50] INFO: Event Engine: Loaded 14 main events. 
[04:06:50] INFO: Event Engine: Loaded 5 mini event types. 
[04:06:50] INFO: Event Engine: Loaded editable Event Description system. 
[04:06:50] INFO: Event Engine: Processing en language -  version 2.21 
[04:06:50] INFO: Event Engine: Loaded en language with 266 messages. 
[04:06:50] INFO: Event Engine: Loaded 1 languages. 
[04:06:50] INFO: Event Engine: Loaded 14 mini event modes. 
[04:06:50] INFO: Event Engine: Loaded 395 configs for events. 
[04:06:50] INFO: Event Engine: Event Engine: Loaded 66 EventMaps. 
[04:06:50] INFO: Event Engine: Reward System Loaded. 
[04:06:50] INFO: Event Engine: Loaded 14 main event InstanceTypes. 
[04:06:50] INFO: Event Engine: Global statistics reloaded. 
[04:06:50] INFO: Event Engine: Global statistics engine loaded. 
[04:06:50] INFO: Event Engine: Loaded EventWarnings engine. 
[04:06:50] INFO: Event Engine: Gear score engine - loaded 7737 items. 
[04:06:50] INFO: Event Engine: Loaded PlayerValue engine. 
[04:06:50] INFO: Event Engine: Version 2.2 successfully loaded. 
[04:06:50] INFO: -----------------------------------------=[ Sunrise Systems ] 
[04:06:50] INFO: Vote System: Enabled. 
[04:06:50] INFO: Premium System: Enabled. 
[04:06:50] INFO: Aio Item On Login: Enabled. 
[04:06:50] INFO: Pc Bang Points: Enabled. 
[04:06:50] INFO: Security System: Enabled. 
[04:06:50] INFO: Restart: Next restart: Thu Sep 26 04:00:00 BRT 2019 
[04:06:50] INFO: Auto Restart: Enabled. 
[04:06:50] INFO: Alternative Payments: Enabled. 
[04:06:50] INFO: Announce Heros: Enabled. 
[04:06:50] INFO: Announce Raid's: Enabled. 
[04:06:50] INFO: Repair Command: Enabled. 
[04:06:50] INFO: Experience Command: Enabled. 
[04:06:50] INFO: Teleport Command System: Enabled. 
[04:06:50] INFO: Give HellBound Map: Enabled. 
[04:06:50] INFO: Top Lists Updater: Enabled. 
[04:06:50] INFO: Auto Soul Shots: Enabled. 
[04:06:50] INFO: Pvp Spree System: Enabled. 
[04:06:50] INFO: Clan Leader Color Name: Enabled. 
[04:06:50] INFO: Announce Castle Lords: Enabled. 
[04:06:50] INFO: Allow Augment For Hero Items:: Enabled. 
[04:06:50] INFO: Character Control Panel: Enabled. 
[04:06:50] INFO: Starting Title: Enabled. 
[04:06:50] INFO: Achievements Engine: Loaded 12 achievements from xml! 
[04:06:50] INFO: BuffsHolder: loaded 133 buffs(s) count. 
[04:06:50] INFO: Loaded 241 teleports for the Custom Npcs-Items. 
[04:06:50] ERROR: ImagesCache: Path data/sunrise/images/id_by_name doesn't exist! 
[04:06:50] INFO: ImagesCache: Loaded 0 images (data/sunrise/images/id_by_name). 
[04:06:50] INFO: GlobalImagesCache: Loaded 7 images (data/sunrise/images). 
[04:06:50] INFO: LeaderBoards: Enabled. 
[04:06:50] INFO: ArenaLeaderboard: Initialized 
[04:06:50] INFO: FishermanLeaderboard: Disabled. 
[04:06:50] INFO: CraftLeaderboard: Initialized 
[04:06:50] INFO: TvTLeaderboard: Disabled. 
[04:06:50] INFO: Antibot Engine: Enabled. 
[04:06:50] INFO: Antibot Farm Engine: Enabled. 
[04:06:50] INFO: Antibot Enchant Engine: Disabled. 
[04:06:50] INFO: RaidConfigsHolder: loaded 1 raid configs(s) count. 
[04:06:50] INFO: RaidAndDropsHolder: loaded 2 raid and drops(s) count. 
[04:06:50] INFO: RaidLocationsHolder: loaded 6 raid locations(s) count. 
[04:06:50] INFO: RaidManager: Disabled. 
[04:06:50] INFO: CoupleManager: Loaded: 0 couples(s) 
[04:06:50] INFO: MailManager: Successfully loaded 0 messages. 
[04:06:50] INFO: IdFactory: Free ObjectID's remaining: 1879000396 
[04:06:50] INFO: OfflineTradersTable: Loaded: 0 offline trader(s) 
[04:06:52] INFO: GameServer: Started, free memory 2357 Mb of 2731 Mb 
[04:06:52] INFO: Connecting to login on 127.0.0.1:9014 
[04:06:52] INFO: CraftManager: Autotask init. 
[04:06:52] INFO: ArenaManager: Autotask init. 
[04:06:52] INFO: Registered on login as Server 1 : Bartz 
[04:06:52] INFO: GameServer: is now listening on: *:7777 
[04:06:52] INFO: Maximum Numbers of Connected players: 100 
[04:06:52] INFO: Server loaded in 28 seconds. 
[04:06:52] INFO: ===================================================== 
[04:06:52] INFO: Copyrights: .............: Sunrise-Team 2015-2017 
[04:06:52] INFO: Project Owners: .........: vNeverMore 
[04:06:52] INFO: Developers: .............: vGodFather 
[04:06:52] INFO: Website: ................: www.L2jSunrise.com 
[04:06:52] INFO: Website Owner-Dev: ......: vNeverMore 
[04:06:52] INFO: Chronicle: ..............: High Five Part 5 (CT2.6) 
[04:06:52] INFO: Sunrise Revision: .......: Final Edition 
[04:06:52] INFO: Core Revision: ..........: 842 rev 
[04:06:52] INFO: Data Revision: ..........: 760 rev 
[04:06:52] INFO: +---- 
[04:06:52] INFO: | Global Memory Informations at 4:06:52: 
[04:06:52] INFO: |    | 
[04:06:52] INFO: | Allowed Memory: 2731 MB 
[04:06:52] INFO: |    |= Allocated Memory: 785 MB (28.7440%) 
[04:06:52] INFO: |    |= Non-Allocated Memory: 1946 MB (71.2560%) 
[04:06:52] INFO: | Allocated Memory: 785 MB 
[04:06:52] INFO: |    |= Used Memory: 413 MB (15.1227%) 
[04:06:52] INFO: |    |= Unused (cached) Memory: 372 MB (13.6214%) 
[04:06:52] INFO: | Useable Memory: 2318 MB (84.8773%) 
[04:06:52] INFO: +---- 
[04:06:52] INFO: ===================================================== 
[04:06:52] INFO: ----------------------------------------------------=[ UPnP ] 
[04:06:52] INFO: Looking for UPnP Gateway Devices... 
[04:07:01] INFO: No UPnP gateways found 
[04:07:01] INFO: GameServer: Telnet server is currently disabled. 
[04:07:20] INFO: TopListsUpdater: Data reloaded in 10 ms. 
[04:15:10] INFO: GlobalVariablesManager: Stored 7 variables. 
[04:16:50] INFO: Event Engine: Trying to find an event to be started: 
[04:36:50] INFO: SevenSigns: Data updated successfully. 
[04:36:50] INFO: Event Engine: Global statistics reloaded. 
[04:37:20] INFO: TopListsUpdater: Data reloaded in 3 ms. 
[04:46:52] INFO: Event Engine: Registration phase ended. 
[04:46:52] INFO: Event Engine: Not enought participants. 
[04:46:52] INFO: Event Engine: Event TvT finished clearPlayers() for instance ID 0 
[04:46:52] INFO: Event Engine: Next event in 20 minutes. 
[05:00:00] INFO: DayNightSpawnManager: Removed 553 night creatures 
[05:00:00] INFO: DayNightSpawnManager: Spawned 232 day creatures 
[05:00:00] INFO: DayNightSpawnManager: Deleting Hellman raidboss 
[05:06:50] INFO: SevenSigns: Data updated successfully. 
[05:06:50] INFO: Event Engine: Global statistics reloaded. 
[05:06:50] INFO: PremiumChecker: Services reloaded in 0 ms. 
[05:06:52] INFO: Event Engine: Trying to find an event to be started: 
[05:07:20] INFO: TopListsUpdater: Data reloaded in 3 ms. 
[05:36:50] INFO: SevenSigns: Data updated successfully. 
[05:36:50] INFO: Event Engine: Global statistics reloaded. 
[05:36:52] INFO: Event Engine: Registration phase ended. 
[05:36:52] INFO: Event Engine: Not enought participants. 
[05:36:52] INFO: Event Engine: Event CTF finished clearPlayers() for instance ID 0 
[05:36:52] INFO: Event Engine: Next event in 20 minutes. 
[05:37:20] INFO: TopListsUpdater: Data reloaded in 5 ms. 
[05:56:52] INFO: Event Engine: Trying to find an event to be started: 
[06:06:50] INFO: SevenSigns: Data updated successfully. 
[06:06:50] INFO: Event Engine: Global statistics reloaded. 
[06:06:50] INFO: PremiumChecker: Services reloaded in 0 ms. 
[06:06:51] INFO: ArenaManager: Autotask init. 
[06:06:51] INFO: CraftManager: Autotask init. 
[06:07:20] INFO: TopListsUpdater: Data reloaded in 3 ms. 
[06:26:52] INFO: Event Engine: Registration phase ended. 
[06:26:52] INFO: Event Engine: Not enought participants. 
[06:26:52] INFO: Event Engine: Event Domination finished clearPlayers() for instance ID 0 
[06:26:52] INFO: Event Engine: Next event in 20 minutes. 
[06:30:00] INFO: BirthdayManager: 0 gifts sent. [2019-09-25] - [2019-09-25] 
[06:30:00] INFO: Daily skill reuse cleaned. 
[06:30:00] INFO: Recommendations System reseted. 
[06:30:00] INFO: Nevit system reseted. 
[06:36:50] INFO: SevenSigns: Data updated successfully. 
[06:36:50] INFO: Event Engine: Global statistics reloaded. 
[06:37:20] INFO: TopListsUpdater: Data reloaded in 3 ms. 
[06:46:52] INFO: Event Engine: Trying to find an event to be started: 
[07:06:50] INFO: SevenSigns: Data updated successfully. 
[07:06:50] INFO: Event Engine: Global statistics reloaded. 
[07:06:50] INFO: PremiumChecker: Services reloaded in 0 ms. 
[07:07:20] INFO: TopListsUpdater: Data reloaded in 3 ms. 
[07:16:53] INFO: Event Engine: Registration phase ended. 
[07:16:53] INFO: Event Engine: Not enought participants. 
[07:16:53] INFO: Event Engine: Event MassDom finished clearPlayers() for instance ID 0 
[07:16:53] INFO: Event Engine: Next event in 20 minutes. 
[07:31:28] WARN: Master access level set for character iLeo 
[07:31:51] WARN: Master access level set for character iLeo 
[07:36:50] INFO: SevenSigns: Data updated successfully. 
[07:36:50] INFO: Event Engine: Global statistics reloaded. 
[07:36:53] INFO: Event Engine: Trying to find an event to be started: 
[07:36:59] WARN: Master access level set for character iLeo 
[07:37:20] INFO: TopListsUpdater: Data reloaded in 4 ms. 
[07:37:35] INFO: Event Engine: Loaded 84 buffs for Event Buffer. 
[08:00:00] INFO: DayNightSpawnManager: Removed 232 day creatures 
[08:00:00] INFO: DayNightSpawnManager: Spawned 553 night creatures 
[08:00:00] INFO: DayNightSpawnManager: Spawning Hellman raidboss 
[08:06:50] INFO: SevenSigns: Data updated successfully. 
[08:06:50] INFO: Event Engine: Global statistics reloaded. 
[08:06:50] INFO: PremiumChecker: Services reloaded in 0 ms. 
[08:06:51] INFO: ArenaManager: Autotask init. 
[08:06:51] INFO: CraftManager: Autotask init. 
[08:06:53] INFO: Event Engine: Registration phase ended. 
[08:06:53] INFO: Event Engine: Not enought participants. 
[08:06:53] INFO: Event Engine: Event DM finished clearPlayers() for instance ID 0 
[08:06:53] INFO: Event Engine: Next event in 20 minutes. 
[08:07:20] INFO: TopListsUpdater: Data reloaded in 5 ms. 
[08:26:53] INFO: Event Engine: Trying to find an event to be started: 
[08:36:50] INFO: SevenSigns: Data updated successfully. 
[08:36:50] INFO: Event Engine: Global statistics reloaded. 
[08:37:20] INFO: TopListsUpdater: Data reloaded in 3 ms. 
[08:56:53] INFO: Event Engine: Registration phase ended. 
[08:56:53] INFO: Event Engine: Not enought participants. 
[08:56:53] INFO: Event Engine: Event LastMan finished clearPlayers() for instance ID 0 
[08:56:53] INFO: Event Engine: Next event in 20 minutes. 
[09:00:00] INFO: DayNightSpawnManager: Removed 553 night creatures 
[09:00:00] INFO: DayNightSpawnManager: Spawned 232 day creatures 
[09:00:00] INFO: DayNightSpawnManager: Deleting Hellman raidboss 
[09:06:50] INFO: SevenSigns: Data updated successfully. 
[09:06:50] INFO: Event Engine: Global statistics reloaded. 
[09:06:50] INFO: PremiumChecker: Services reloaded in 0 ms. 
[09:07:20] INFO: TopListsUpdater: Data reloaded in 3 ms. 
[09:16:53] INFO: Event Engine: Trying to find an event to be started: 
[09:36:50] INFO: SevenSigns: Data updated successfully. 
[09:36:50] INFO: Event Engine: Global statistics reloaded. 
[09:37:20] INFO: TopListsUpdater: Data reloaded in 2 ms. 
[09:46:53] INFO: Event Engine: Registration phase ended. 
[09:46:53] INFO: Event Engine: Not enought participants. 
[09:46:53] INFO: Event Engine: Event TvTAdv finished clearPlayers() for instance ID 0 
[09:46:53] INFO: Event Engine: Next event in 20 minutes. 
[09:59:38] WARN: Admin access level set for character iWings 
[10:06:45] INFO: GrandBossManager: Updated Andreas Van Halter(29062) status to 0 
[10:06:50] INFO: SevenSigns: Data updated successfully. 
[10:06:50] INFO: Event Engine: Global statistics reloaded. 
[10:06:50] INFO: PremiumChecker: Services reloaded in 1 ms. 
[10:06:51] INFO: ArenaManager: Autotask init. 
[10:06:51] INFO: CraftManager: Autotask init. 
[10:06:53] INFO: Event Engine: Trying to find an event to be started: 
[10:07:20] INFO: TopListsUpdater: Data reloaded in 5 ms. 
[10:36:50] INFO: SevenSigns: Data updated successfully. 
[10:36:50] INFO: Event Engine: Global statistics reloaded. 
[10:36:54] INFO: Event Engine: Registration phase ended. 
[10:36:54] INFO: Event Engine: Not enought participants. 
[10:36:54] INFO: Event Engine: Event Chests finished clearPlayers() for instance ID 0 
[10:36:54] INFO: Event Engine: Next event in 20 minutes. 
[10:37:20] INFO: TopListsUpdater: Data reloaded in 4 ms. 
[10:56:54] INFO: Event Engine: Trying to find an event to be started: 
[11:06:50] INFO: SevenSigns: Data updated successfully. 
[11:06:50] INFO: Event Engine: Global statistics reloaded. 
[11:06:50] INFO: PremiumChecker: Services reloaded in 0 ms. 
[11:07:20] INFO: TopListsUpdater: Data reloaded in 4 ms. 
[11:26:54] INFO: Event Engine: Registration phase ended. 
[11:26:54] INFO: Event Engine: Not enought participants. 
[11:26:54] INFO: Event Engine: Event Zombies finished clearPlayers() for instance ID 0 
[11:26:54] INFO: Event Engine: Next event in 20 minutes. 
[11:36:50] INFO: SevenSigns: Data updated successfully. 
[11:36:50] INFO: Event Engine: Global statistics reloaded. 
[11:37:20] INFO: TopListsUpdater: Data reloaded in 5 ms. 
[11:46:54] INFO: Event Engine: Trying to find an event to be started: 
[12:00:00] INFO: DayNightSpawnManager: Removed 232 day creatures 
[12:00:00] INFO: DayNightSpawnManager: Spawned 553 night creatures 
[12:00:00] INFO: DayNightSpawnManager: Spawning Hellman raidboss 
[12:06:50] INFO: SevenSigns: Data updated successfully. 
[12:06:50] INFO: Event Engine: Global statistics reloaded. 
[12:06:50] INFO: PremiumChecker: Services reloaded in 0 ms. 
[12:06:51] INFO: ArenaManager: Autotask init. 
[12:06:51] INFO: CraftManager: Autotask init. 
[12:07:20] INFO: TopListsUpdater: Data reloaded in 4 ms. 
[12:16:54] INFO: Event Engine: Registration phase ended. 
[12:16:54] INFO: Event Engine: Not enought participants. 
[12:16:54] INFO: Event Engine: Event Mutant finished clearPlayers() for instance ID 0 
[12:16:54] INFO: Event Engine: Next event in 20 minutes. 
[12:36:50] INFO: SevenSigns: Data updated successfully. 
[12:36:50] INFO: Event Engine: Global statistics reloaded. 
[12:36:54] INFO: Event Engine: Trying to find an event to be started: 
[12:37:20] INFO: TopListsUpdater: Data reloaded in 5 ms. 
[13:00:00] INFO: DayNightSpawnManager: Removed 553 night creatures 
[13:00:00] INFO: DayNightSpawnManager: Spawned 232 day creatures 
[13:00:00] INFO: DayNightSpawnManager: Deleting Hellman raidboss 
[13:06:50] INFO: SevenSigns: Data updated successfully. 
[13:06:50] INFO: Event Engine: Global statistics reloaded. 
[13:06:50] INFO: PremiumChecker: Services reloaded in 0 ms. 
[13:06:54] INFO: Event Engine: Registration phase ended. 
[13:06:54] INFO: Event Engine: Not enought participants. 
[13:06:54] INFO: Event Engine: Event THunt finished clearPlayers() for instance ID 0 
[13:06:54] INFO: Event Engine: Next event in 20 minutes. 
[13:07:20] INFO: TopListsUpdater: Data reloaded in 4 ms. 
[13:26:54] INFO: Event Engine: Trying to find an event to be started: 
[13:36:50] INFO: SevenSigns: Data updated successfully. 
[13:36:50] INFO: Event Engine: Global statistics reloaded. 
[13:37:20] INFO: TopListsUpdater: Data reloaded in 3 ms. 
[13:38:47] WARN: Admin access level set for character iWings 
[13:41:34] INFO: Cache[HTML]: Running lazy cache 
[13:41:48] INFO: L2NpcInstance: Unknown NPC bypass: "Chat_GMShop/s80weapons.htm" NpcId: 559 
[13:42:31] INFO: Cache[HTML]: Running lazy cache 
[13:42:39] INFO: L2NpcInstance: Unknown NPC bypass: "Chat_GMShop/s80weapons.htm" NpcId: 559 
[13:44:13] INFO: Cache[HTML]: Running lazy cache 
[13:44:23] INFO: L2NpcInstance: Unknown NPC bypass: "Chat_GMShop/s80weapons.htm" NpcId: 559 
[13:45:36] INFO: Cache[HTML]: Running lazy cache 
[13:46:35] INFO: Cache[HTML]: Running lazy cache 
[13:46:38] INFO: L2NpcInstance: Unknown NPC bypass: "Chat_GMShop/s80weapons.htm" NpcId: 559 
[13:47:43] INFO: Cache[HTML]: Running lazy cache 
[13:47:46] INFO: L2NpcInstance: Unknown NPC bypass: "Chat_GMShop/s80weapons.htm" NpcId: 559 
[13:52:56] INFO: Cache[HTML]: Running lazy cache 
[13:53:01] INFO: L2NpcInstance: Unknown NPC bypass: "Chat_GMShop/s80weapons.htm" NpcId: 559 
[13:53:05] INFO: L2NpcInstance: Unknown NPC bypass: "Chat_GMShop/s80weapons.htm" NpcId: 559 
[13:54:44] INFO: Cache[HTML]: Running lazy cache 
[13:55:29] INFO: L2NpcInstance: Unknown NPC bypass: "Chat_GMShop/s80weapons.htm" NpcId: 559 
[13:56:36] INFO: Cache[HTML]: Running lazy cache 
[13:56:55] INFO: Event Engine: Registration phase ended. 
[13:56:55] INFO: Event Engine: Not enought participants. 
[13:56:55] INFO: Event Engine: Event THuntPvP finished clearPlayers() for instance ID 0 
[13:56:55] INFO: Event Engine: Next event in 20 minutes. 
[13:57:32] INFO: Cache[HTML]: Running lazy cache 
[13:58:25] INFO: Cache[HTML]: Running lazy cache 
[14:06:50] INFO: SevenSigns: Data updated successfully. 
[14:06:50] INFO: Event Engine: Global statistics reloaded. 
[14:06:50] INFO: PremiumChecker: Services reloaded in 0 ms. 
[14:06:51] INFO: ArenaManager: Autotask init. 
[14:06:51] INFO: CraftManager: Autotask init. 
[14:07:20] INFO: TopListsUpdater: Data reloaded in 4 ms. 
[14:16:55] INFO: Event Engine: Trying to find an event to be started: 
[14:19:54] INFO: Cache[HTML]: Running lazy cache 
[14:20:25] INFO: Cache[HTML]: Running lazy cache 
[14:21:15] INFO: Cache[HTML]: Running lazy cache 
[14:24:39] INFO: MultisellData: Loaded 338 multisell lists. 
[14:33:15] INFO: MultisellData: Loaded 338 multisell lists. 
[14:36:50] INFO: SevenSigns: Data updated successfully. 
[14:36:50] INFO: Event Engine: Global statistics reloaded. 
[14:37:20] INFO: TopListsUpdater: Data reloaded in 5 ms. 
[14:46:55] INFO: Event Engine: Registration phase ended. 
[14:46:55] INFO: Event Engine: Not enought participants. 
[14:46:55] INFO: Event Engine: Event HuntGround finished clearPlayers() for instance ID 0 
[14:46:55] INFO: Event Engine: Next event in 20 minutes. 
[15:06:50] INFO: SevenSigns: Data updated successfully. 
[15:06:50] INFO: Event Engine: Global statistics reloaded. 
[15:06:50] INFO: PremiumChecker: Services reloaded in 1 ms. 
[15:06:55] INFO: Event Engine: Trying to find an event to be started: 
[15:07:20] INFO: TopListsUpdater: Data reloaded in 5 ms. 
[15:36:50] INFO: SevenSigns: Data updated successfully. 
[15:36:50] INFO: Event Engine: Global statistics reloaded. 
[15:36:55] INFO: Event Engine: Registration phase ended. 
[15:36:55] INFO: Event Engine: Not enought participants. 
[15:36:55] INFO: Event Engine: Event Battlefields finished clearPlayers() for instance ID 0 
[15:36:55] INFO: Event Engine: Next event in 20 minutes. 
[15:37:20] INFO: TopListsUpdater: Data reloaded in 5 ms. 
[15:56:55] INFO: Event Engine: Trying to find an event to be started: 
[16:00:00] INFO: DayNightSpawnManager: Removed 232 day creatures 
[16:00:00] INFO: DayNightSpawnManager: Spawned 553 night creatures 
[16:00:00] INFO: DayNightSpawnManager: Spawning Hellman raidboss 
[16:06:45] INFO: GrandBossManager: Updated Andreas Van Halter(29062) status to 0 
[16:06:50] INFO: SevenSigns: Data updated successfully. 
[16:06:50] INFO: Event Engine: Global statistics reloaded. 
[16:06:50] INFO: PremiumChecker: Services reloaded in 0 ms. 
[16:06:51] INFO: ArenaManager: Autotask init. 
[16:06:51] INFO: CraftManager: Autotask init. 
[16:07:20] INFO: TopListsUpdater: Data reloaded in 3 ms. 
[16:26:55] INFO: Event Engine: Registration phase ended. 
[16:26:55] INFO: Event Engine: Not enought participants. 
[16:26:55] INFO: Event Engine: Event TvT finished clearPlayers() for instance ID 0 
[16:26:55] INFO: Event Engine: Next event in 20 minutes. 
[16:36:50] INFO: SevenSigns: Data updated successfully. 
[16:36:50] INFO: Event Engine: Global statistics reloaded. 
[16:37:20] INFO: TopListsUpdater: Data reloaded in 3 ms. 
[16:46:55] INFO: Event Engine: Trying to find an event to be started: 
[17:00:00] INFO: ScheduleAuctionTask: Auction 3 has started for instance 32322 
[17:00:00] INFO: DayNightSpawnManager: Removed 553 night creatures 
[17:00:00] INFO: DayNightSpawnManager: Spawned 232 day creatures 
[17:00:00] INFO: DayNightSpawnManager: Deleting Hellman raidboss 
[17:00:00] INFO: ItemAuctionInstance: Schedule current auction 3 for instance 32322 
[17:06:50] INFO: SevenSigns: Data updated successfully. 
[17:06:50] INFO: Event Engine: Global statistics reloaded. 
[17:06:50] INFO: PremiumChecker: Services reloaded in 0 ms. 
[17:07:20] INFO: TopListsUpdater: Data reloaded in 3 ms. 
[17:16:56] INFO: Event Engine: Registration phase ended. 
[17:16:56] INFO: Event Engine: Not enought participants. 
[17:16:56] INFO: Event Engine: Event CTF finished clearPlayers() for instance ID 0 
[17:16:56] INFO: Event Engine: Next event in 20 minutes. 
[17:36:50] INFO: SevenSigns: Data updated successfully. 
[17:36:50] INFO: Event Engine: Global statistics reloaded. 
[17:36:56] INFO: Event Engine: Trying to find an event to be started: 
[17:37:20] INFO: TopListsUpdater: Data reloaded in 3 ms. 
[18:00:39] INFO: Olympiad System: Olympiad Game Started 
[18:00:39] INFO: Olympiad System: Loaded 160 stadiums. 
[18:06:50] INFO: SevenSigns: Data updated successfully. 
[18:06:50] INFO: Event Engine: Global statistics reloaded. 
[18:06:50] INFO: PremiumChecker: Services reloaded in 0 ms. 
[18:06:51] INFO: ArenaManager: Autotask init. 
[18:06:51] INFO: CraftManager: Autotask init. 
[18:06:56] INFO: Event Engine: Registration phase ended. 
[18:06:56] INFO: Event Engine: Not enought participants. 
[18:06:56] INFO: Event Engine: Event Domination finished clearPlayers() for instance ID 0 
[18:06:56] INFO: Event Engine: Next event in 20 minutes. 
[18:07:20] INFO: TopListsUpdater: Data reloaded in 3 ms. 
[18:21:50] INFO: Olympiad System: Data updated. 
[18:26:56] INFO: Event Engine: Trying to find an event to be started: 
[18:36:50] INFO: SevenSigns: Data updated successfully. 
[18:36:50] INFO: Event Engine: Global statistics reloaded. 
[18:37:20] INFO: TopListsUpdater: Data reloaded in 3 ms. 
[18:39:45] WARN: Master access level set for character Innie 
[18:47:27] INFO: Debugging: Innie 
[18:47:27] INFO: Skill:Hammer Crush level:37 passive:false 
[18:47:27] INFO: Range:40 targettype:ONE power:2411.0 
[18:47:27] INFO: Reusedelay:3000 hittime:1080 
[18:47:35] INFO: Debugging: Innie 
[18:47:35] INFO: Skill:Hammer Crush level:37 passive:false 
[18:47:35] INFO: Range:40 targettype:ONE power:2411.0 
[18:47:35] INFO: Reusedelay:3000 hittime:1080 
[18:48:39] INFO: Debugging: Innie 
[18:48:39] INFO: Skill:Hammer Crush level:37 passive:false 
[18:48:39] INFO: Range:40 targettype:ONE power:2411.0 
[18:48:39] INFO: Reusedelay:3000 hittime:1080 
[18:48:40] INFO: Debugging: Innie 
[18:48:40] INFO: Skill:Hammer Crush level:37 passive:false 
[18:48:40] INFO: Range:40 targettype:ONE power:2411.0 
[18:48:40] INFO: Reusedelay:3000 hittime:1080 
[18:48:45] INFO: Debugging: Innie 
[18:48:45] INFO: Skill:Hammer Crush level:37 passive:false 
[18:48:45] INFO: Range:40 targettype:ONE power:2411.0 
[18:48:45] INFO: Reusedelay:3000 hittime:1080 
[18:48:48] INFO: Debugging: Innie 
[18:48:48] INFO: Skill:Hammer Crush level:37 passive:false 
[18:48:48] INFO: Range:40 targettype:ONE power:2411.0 
[18:48:48] INFO: Reusedelay:3000 hittime:1080 
[18:48:55] INFO: Debugging: Innie 
[18:48:55] INFO: Skill:Hammer Crush level:37 passive:false 
[18:48:55] INFO: Range:40 targettype:ONE power:2411.0 
[18:48:55] INFO: Reusedelay:3000 hittime:1080 
[18:49:14] INFO: Debugging: Tester 
[18:49:14] INFO: Skill:Hurricane level:28 passive:false 
[18:49:14] INFO: Range:900 targettype:ONE power:108.0 
[18:49:14] INFO: Reusedelay:1200 hittime:4000 
[18:49:30] INFO: Debugging: Tester 
[18:49:30] INFO: Skill:Hurricane level:28 passive:false 
[18:49:30] INFO: Range:900 targettype:ONE power:108.0 
[18:49:30] INFO: Reusedelay:1200 hittime:4000 
[18:49:39] INFO: Debugging: Tester 
[18:49:39] INFO: Skill:Curse Fear level:14 passive:false 
[18:49:39] INFO: Range:600 targettype:ONE power:40.0 
[18:49:39] INFO: Reusedelay:3000 hittime:4000 
[18:49:41] INFO: Debugging: Tester 
[18:49:41] INFO: Skill:Hurricane level:28 passive:false 
[18:49:41] INFO: Range:900 targettype:ONE power:108.0 
[18:49:41] INFO: Reusedelay:1200 hittime:4000 
[18:49:43] INFO: Debugging: Tester 
[18:49:43] INFO: Skill:Hurricane level:28 passive:false 
[18:49:43] INFO: Range:900 targettype:ONE power:108.0 
[18:49:43] INFO: Reusedelay:1200 hittime:4000 
[18:49:44] INFO: Debugging: Tester 
[18:49:44] INFO: Skill:Hurricane level:28 passive:false 
[18:49:44] INFO: Range:900 targettype:ONE power:108.0 
[18:49:44] INFO: Reusedelay:1200 hittime:4000 
[18:49:49] INFO: Debugging: Tester 
[18:49:49] INFO: Skill:Hurricane level:28 passive:false 
[18:49:49] INFO: Range:900 targettype:ONE power:108.0 
[18:49:49] INFO: Reusedelay:1200 hittime:4000 
[18:50:16] INFO: Debugging: Innie 
[18:50:16] INFO: Skill:Summon Mechanic Golem level:9 passive:false 
[18:50:16] INFO: Range:-1 targettype:SELF power:0.0 
[18:50:16] INFO: Reusedelay:5000 hittime:8000 
[18:51:14] INFO: Debugging: Tester 
[18:51:14] INFO: Skill:Seed of Wind level:1 passive:false 
[18:51:14] INFO: Range:-1 targettype:SELF power:0.0 
[18:51:14] INFO: Reusedelay:2000 hittime:4000 
[18:51:15] INFO: Debugging: Tester 
[18:51:15] INFO: Skill:Empowering Echo level:1 passive:false 
[18:51:15] INFO: Range:-1 targettype:SELF power:0.0 
[18:51:15] INFO: Reusedelay:15000 hittime:4000 
[18:51:16] INFO: Debugging: Tester 
[18:51:16] INFO: Skill:Hurricane Armor level:1 passive:false 
[18:51:16] INFO: Range:-1 targettype:SELF power:0.0 
[18:51:16] INFO: Reusedelay:2000 hittime:3000 
[18:51:17] INFO: Debugging: Tester 
[18:51:17] INFO: Skill:Arcane Power level:1 passive:false 
[18:51:17] INFO: Range:-1 targettype:SELF power:0.0 
[18:51:17] INFO: Reusedelay:0 hittime:0 
[18:51:19] INFO: Debugging: Tester 
[18:51:19] INFO: Skill:Hurricane level:28 passive:false 
[18:51:19] INFO: Range:900 targettype:ONE power:108.0 
[18:51:19] INFO: Reusedelay:1200 hittime:4000 
[18:51:21] INFO: Debugging: Tester 
[18:51:21] INFO: Skill:Hurricane level:28 passive:false 
[18:51:21] INFO: Range:900 targettype:ONE power:108.0 
[18:51:21] INFO: Reusedelay:1200 hittime:4000 
[18:51:22] INFO: Debugging: Tester 
[18:51:22] INFO: Skill:Hurricane level:28 passive:false 
[18:51:22] INFO: Range:900 targettype:ONE power:108.0 
[18:51:22] INFO: Reusedelay:1200 hittime:4000 
[18:51:23] INFO: Debugging: Tester 
[18:51:23] INFO: Skill:Hurricane level:28 passive:false 
[18:51:23] INFO: Range:900 targettype:ONE power:108.0 
[18:51:23] INFO: Reusedelay:1200 hittime:4000 
[18:51:23] INFO: Debugging: Tester 
[18:51:23] INFO: Skill:Hurricane level:28 passive:false 
[18:51:23] INFO: Range:900 targettype:ONE power:108.0 
[18:51:23] INFO: Reusedelay:1200 hittime:4000 
[18:51:24] INFO: Debugging: Tester 
[18:51:24] INFO: Skill:Hurricane level:28 passive:false 
[18:51:24] INFO: Range:900 targettype:ONE power:108.0 
[18:51:24] INFO: Reusedelay:1200 hittime:4000 
[18:51:26] INFO: Debugging: Tester 
[18:51:26] INFO: Skill:Hurricane level:28 passive:false 
[18:51:26] INFO: Range:900 targettype:ONE power:108.0 
[18:51:26] INFO: Reusedelay:1200 hittime:4000 
[18:51:32] INFO: Debugging: Tester 
[18:51:32] INFO: Skill:Throne of Wind level:1 passive:false 
[18:51:32] INFO: Range:900 targettype:ONE power:80.0 
[18:51:32] INFO: Reusedelay:75000 hittime:4000 
[18:51:49] INFO: Debugging: Tester 
[18:51:49] INFO: Skill:Surrender To Wind level:14 passive:false 
[18:51:49] INFO: Range:900 targettype:ONE power:80.0 
[18:51:49] INFO: Reusedelay:2000 hittime:1500 
[18:51:50] INFO: Olympiad System: Data updated. 
[18:51:52] INFO: Debugging: Tester 
[18:51:52] INFO: Skill:Surrender To Wind level:14 passive:false 
[18:51:52] INFO: Range:900 targettype:ONE power:80.0 
[18:51:52] INFO: Reusedelay:2000 hittime:1500 
[18:51:54] INFO: Debugging: Tester 
[18:51:54] INFO: Skill:Surrender To Wind level:14 passive:false 
[18:51:54] INFO: Range:900 targettype:ONE power:80.0 
[18:51:54] INFO: Reusedelay:2000 hittime:1500 
[18:51:55] INFO: Debugging: Tester 
[18:51:55] INFO: Skill:Surrender To Wind level:14 passive:false 
[18:51:55] INFO: Range:900 targettype:ONE power:80.0 
[18:51:55] INFO: Reusedelay:2000 hittime:1500 
[18:51:57] INFO: Debugging: Tester 
[18:51:57] INFO: Skill:Curse Fear level:14 passive:false 
[18:51:57] INFO: Range:600 targettype:ONE power:40.0 
[18:51:57] INFO: Reusedelay:3000 hittime:4000 
[18:52:00] INFO: Debugging: Tester 
[18:52:00] INFO: Skill:Silence level:14 passive:false 
[18:52:00] INFO: Range:600 targettype:ONE power:80.0 
[18:52:00] INFO: Reusedelay:8000 hittime:4000 
[18:52:03] INFO: Debugging: Tester 
[18:52:03] INFO: Skill:Arcane Chaos level:1 passive:false 
[18:52:03] INFO: Range:600 targettype:ONE power:40.0 
[18:52:03] INFO: Reusedelay:15000 hittime:4000 
[18:52:05] INFO: Debugging: Tester 
[18:52:05] INFO: Skill:Slow level:15 passive:false 
[18:52:05] INFO: Range:600 targettype:ONE power:80.0 
[18:52:05] INFO: Reusedelay:2000 hittime:4000 
[18:52:07] INFO: Debugging: Tester 
[18:52:07] INFO: Skill:Slow level:15 passive:false 
[18:52:07] INFO: Range:600 targettype:ONE power:80.0 
[18:52:07] INFO: Reusedelay:2000 hittime:4000 
[18:52:08] INFO: Debugging: Tester 
[18:52:08] INFO: Skill:Poisonous Cloud level:6 passive:false 
[18:52:08] INFO: Range:500 targettype:AREA power:35.0 
[18:52:08] INFO: Reusedelay:5000 hittime:4000 
[18:52:10] INFO: Debugging: Tester 
[18:52:10] INFO: Skill:Poisonous Cloud level:6 passive:false 
[18:52:10] INFO: Range:500 targettype:AREA power:35.0 
[18:52:10] INFO: Reusedelay:5000 hittime:4000 
[18:52:12] INFO: Debugging: Tester 
[18:52:12] INFO: Skill:Curse: Poison level:7 passive:false 
[18:52:12] INFO: Range:600 targettype:ONE power:70.0 
[18:52:12] INFO: Reusedelay:3000 hittime:4000 
[18:52:15] INFO: Debugging: Tester 
[18:52:15] INFO: Skill:Wind Shackle level:5 passive:false 
[18:52:15] INFO: Range:600 targettype:ONE power:80.0 
[18:52:15] INFO: Reusedelay:2000 hittime:1500 
[18:52:17] INFO: Debugging: Tester 
[18:52:17] INFO: Skill:Wind Shackle level:5 passive:false 
[18:52:17] INFO: Range:600 targettype:ONE power:80.0 
[18:52:17] INFO: Reusedelay:2000 hittime:1500 
[18:52:19] INFO: Debugging: Tester 
[18:52:19] INFO: Skill:Curse Chaos level:15 passive:false 
[18:52:19] INFO: Range:600 targettype:ONE power:80.0 
[18:52:19] INFO: Reusedelay:2000 hittime:1500 
[18:52:20] INFO: Debugging: Tester 
[18:52:20] INFO: Skill:Curse Chaos level:15 passive:false 
[18:52:20] INFO: Range:600 targettype:ONE power:80.0 
[18:52:20] INFO: Reusedelay:2000 hittime:1500 
[18:52:21] INFO: Debugging: Tester 
[18:52:21] INFO: Skill:Curse Chaos level:15 passive:false 
[18:52:21] INFO: Range:600 targettype:ONE power:80.0 
[18:52:21] INFO: Reusedelay:2000 hittime:1500 
[18:52:33] INFO: Debugging: Tester 
[18:52:33] INFO: Skill:Slow level:15 passive:false 
[18:52:33] INFO: Range:600 targettype:ONE power:80.0 
[18:52:33] INFO: Reusedelay:2000 hittime:4000 
[18:52:35] INFO: Debugging: Tester 
[18:52:35] INFO: Skill:Slow level:15 passive:false 
[18:52:35] INFO: Range:600 targettype:ONE power:80.0 
[18:52:35] INFO: Reusedelay:2000 hittime:4000 
[18:52:36] INFO: Debugging: Tester 
[18:52:36] INFO: Skill:Slow level:15 passive:false 
[18:52:36] INFO: Range:600 targettype:ONE power:80.0 
[18:52:36] INFO: Reusedelay:2000 hittime:4000 
[18:52:37] INFO: Debugging: Tester 
[18:52:37] INFO: Skill:Slow level:15 passive:false 
[18:52:37] INFO: Range:600 targettype:ONE power:80.0 
[18:52:37] INFO: Reusedelay:2000 hittime:4000 
[18:52:38] INFO: Debugging: Tester 
[18:52:38] INFO: Skill:Surrender To Poison level:17 passive:false 
[18:52:38] INFO: Range:900 targettype:ONE power:80.0 
[18:52:38] INFO: Reusedelay:2000 hittime:1500 
[18:52:39] INFO: Debugging: Tester 
[18:52:39] INFO: Skill:Surrender To Poison level:17 passive:false 
[18:52:39] INFO: Range:900 targettype:ONE power:80.0 
[18:52:39] INFO: Reusedelay:2000 hittime:1500 
[18:52:40] INFO: Debugging: Tester 
[18:52:40] INFO: Skill:Surrender To Wind level:14 passive:false 
[18:52:40] INFO: Range:900 targettype:ONE power:80.0 
[18:52:40] INFO: Reusedelay:2000 hittime:1500 
[18:52:41] INFO: Debugging: Tester 
[18:52:41] INFO: Skill:Surrender To Wind level:14 passive:false 
[18:52:41] INFO: Range:900 targettype:ONE power:80.0 
[18:52:41] INFO: Reusedelay:2000 hittime:1500 
[18:52:42] INFO: Debugging: Tester 
[18:52:42] INFO: Skill:Surrender To Wind level:14 passive:false 
[18:52:42] INFO: Range:900 targettype:ONE power:80.0 
[18:52:42] INFO: Reusedelay:2000 hittime:1500 
[18:52:43] INFO: Debugging: Tester 
[18:52:43] INFO: Skill:Surrender To Wind level:14 passive:false 
[18:52:43] INFO: Range:900 targettype:ONE power:80.0 
[18:52:43] INFO: Reusedelay:2000 hittime:1500 
[18:52:48] INFO: Debugging: Tester 
[18:52:48] INFO: Skill:Vampiric Claw level:28 passive:false 
[18:52:48] INFO: Range:900 targettype:ONE power:108.0 
[18:52:48] INFO: Reusedelay:3000 hittime:4000 
[18:52:50] INFO: Debugging: Tester 
[18:52:50] INFO: Skill:Vampiric Claw level:28 passive:false 
[18:52:50] INFO: Range:900 targettype:ONE power:108.0 
[18:52:50] INFO: Reusedelay:3000 hittime:4000 
[18:52:51] INFO: Debugging: Tester 
[18:52:51] INFO: Skill:Vampiric Claw level:28 passive:false 
[18:52:51] INFO: Range:900 targettype:ONE power:108.0 
[18:52:51] INFO: Reusedelay:3000 hittime:4000 
[18:52:54] INFO: Debugging: Tester 
[18:52:54] INFO: Skill:Twister level:8 passive:false 
[18:52:54] INFO: Range:750 targettype:ONE power:44.0 
[18:52:54] INFO: Reusedelay:1000 hittime:4000 
[18:53:04] INFO: Debugging: Tester 
[18:53:04] INFO: Skill:Wind Vortex level:1 passive:false 
[18:53:04] INFO: Range:900 targettype:ONE power:140.0 
[18:53:04] INFO: Reusedelay:15000 hittime:6000 
[18:53:08] INFO: Debugging: Tester 
[18:53:08] INFO: Skill:Wind Vortex Slug level:1 passive:false 
[18:53:08] INFO: Range:900 targettype:ONE power:195.0 
[18:53:08] INFO: Reusedelay:15000 hittime:2000 
[18:54:45] INFO: Debugging: Innie 
[18:54:45] INFO: Skill:Hammer Crush level:37 passive:false 
[18:54:45] INFO: Range:40 targettype:ONE power:2411.0 
[18:54:45] INFO: Reusedelay:3000 hittime:1080 
[18:54:47] INFO: Debugging: Innie 
[18:54:47] INFO: Skill:Armor Crush level:1 passive:false 
[18:54:47] INFO: Range:40 targettype:ONE power:3077.0 
[18:54:47] INFO: Reusedelay:4000 hittime:1900 
[18:54:49] INFO: Debugging: Innie 
[18:54:49] INFO: Skill:Hammer Crush level:37 passive:false 
[18:54:49] INFO: Range:40 targettype:ONE power:2411.0 
[18:54:49] INFO: Reusedelay:3000 hittime:1080 
[18:54:51] INFO: Debugging: Innie 
[18:54:51] INFO: Skill:Armor Crush level:1 passive:false 
[18:54:51] INFO: Range:40 targettype:ONE power:3077.0 
[18:54:51] INFO: Reusedelay:4000 hittime:1900 
[18:54:52] INFO: Debugging: Innie 
[18:54:52] INFO: Skill:Hammer Crush level:37 passive:false 
[18:54:52] INFO: Range:40 targettype:ONE power:2411.0 
[18:54:52] INFO: Reusedelay:3000 hittime:1080 
[18:54:55] INFO: Debugging: Innie 
[18:54:55] INFO: Skill:Armor Crush level:1 passive:false 
[18:54:55] INFO: Range:40 targettype:ONE power:3077.0 
[18:54:55] INFO: Reusedelay:4000 hittime:1900 
[18:54:57] INFO: Debugging: Innie 
[18:54:57] INFO: Skill:Hammer Crush level:37 passive:false 
[18:54:57] INFO: Range:40 targettype:ONE power:2411.0 
[18:54:57] INFO: Reusedelay:3000 hittime:1080 
[18:55:01] INFO: Debugging: Innie 
[18:55:01] INFO: Skill:Hammer Crush level:37 passive:false 
[18:55:01] INFO: Range:40 targettype:ONE power:2411.0 
[18:55:01] INFO: Reusedelay:3000 hittime:1080 
[18:55:12] INFO: Debugging: Innie 
[18:55:12] INFO: Skill:Hammer Crush level:37 passive:false 
[18:55:12] INFO: Range:40 targettype:ONE power:2411.0 
[18:55:12] INFO: Reusedelay:3000 hittime:1080 
[18:55:16] INFO: Debugging: Innie 
[18:55:16] INFO: Skill:Hammer Crush level:37 passive:false 
[18:55:16] INFO: Range:40 targettype:ONE power:2411.0 
[18:55:16] INFO: Reusedelay:3000 hittime:1080 
[18:55:19] INFO: Debugging: Innie 
[18:55:19] INFO: Skill:Armor Crush level:1 passive:false 
[18:55:19] INFO: Range:40 targettype:ONE power:3077.0 
[18:55:19] INFO: Reusedelay:4000 hittime:1900 
[18:55:53] INFO: Debugging: Innie 
[18:55:53] INFO: Skill:Hammer Crush level:37 passive:false 
[18:55:53] INFO: Range:40 targettype:ONE power:2411.0 
[18:55:53] INFO: Reusedelay:3000 hittime:1080 
[18:56:14] INFO: Debugging: Innie 
[18:56:14] INFO: Skill:Hammer Crush level:37 passive:false 
[18:56:14] INFO: Range:40 targettype:ONE power:2411.0 
[18:56:14] INFO: Reusedelay:3000 hittime:1080 
[18:56:15] INFO: Debugging: Innie 
[18:56:15] INFO: Skill:Armor Crush level:1 passive:false 
[18:56:15] INFO: Range:40 targettype:ONE power:3077.0 
[18:56:15] INFO: Reusedelay:4000 hittime:1900 
[18:56:56] INFO: Event Engine: Registration phase ended. 
[18:56:56] INFO: Event Engine: Not enought participants. 
[18:56:56] INFO: Event Engine: Event MassDom finished clearPlayers() for instance ID 0 
[18:56:56] INFO: Event Engine: Next event in 20 minutes. 
[18:57:24] INFO: Debugging: Tester 
[18:57:24] INFO: Skill:Dark Vortex level:1 passive:false 
[18:57:24] INFO: Range:900 targettype:ONE power:139.0 
[18:57:24] INFO: Reusedelay:15000 hittime:6000 
[18:57:28] INFO: Debugging: Tester 
[18:57:28] INFO: Skill:Wind Vortex level:1 passive:false 
[18:57:28] INFO: Range:900 targettype:ONE power:140.0 
[18:57:28] INFO: Reusedelay:15000 hittime:6000 
[18:57:30] INFO: Debugging: Tester 
[18:57:30] INFO: Skill:Wind Vortex Slug level:1 passive:false 
[18:57:30] INFO: Range:900 targettype:ONE power:195.0 
[18:57:30] INFO: Reusedelay:15000 hittime:2000 
[18:58:20] INFO: Debugging: Innie 
[18:58:20] INFO: Skill:Hammer Crush level:37 passive:false 
[18:58:20] INFO: Range:40 targettype:ONE power:2411.0 
[18:58:20] INFO: Reusedelay:3000 hittime:1080 
[18:58:21] INFO: Debugging: Innie 
[18:58:21] INFO: Skill:Armor Crush level:1 passive:false 
[18:58:21] INFO: Range:40 targettype:ONE power:3077.0 
[18:58:21] INFO: Reusedelay:4000 hittime:1900 
[18:59:16] INFO: Debugging: Innie 
[18:59:16] INFO: Skill:Hammer Crush level:37 passive:false 
[18:59:16] INFO: Range:40 targettype:ONE power:2411.0 
[18:59:16] INFO: Reusedelay:3000 hittime:1080 
[18:59:23] INFO: Debugging: Innie 
[18:59:23] INFO: Skill:Hammer Crush level:37 passive:false 
[18:59:23] INFO: Range:40 targettype:ONE power:2411.0 
[18:59:23] INFO: Reusedelay:3000 hittime:1080 
[18:59:30] INFO: Debugging: Tester 
[18:59:30] INFO: Skill:Arcane Power level:1 passive:false 
[18:59:30] INFO: Range:-1 targettype:SELF power:0.0 
[18:59:30] INFO: Reusedelay:0 hittime:0 
[19:00:53] INFO: Debugging: Innie 
[19:00:53] INFO: Skill:Summon Mechanic Golem level:9 passive:false 
[19:00:53] INFO: Range:-1 targettype:SELF power:0.0 
[19:00:53] INFO: Reusedelay:5000 hittime:8000 
[19:01:08] INFO: Debugging: Innie 
[19:01:08] INFO: Skill:Summon Mechanic Golem level:9 passive:false 
[19:01:08] INFO: Range:-1 targettype:SELF power:0.0 
[19:01:08] INFO: Reusedelay:5000 hittime:8000 
[19:02:48] INFO: Debugging: Innie 
[19:02:48] INFO: Skill:Summon Mechanic Golem level:1 passive:false 
[19:02:48] INFO: Range:-1 targettype:SELF power:0.0 
[19:02:48] INFO: Reusedelay:5000 hittime:8000 
[19:02:49] INFO: Debugging: Innie 
[19:02:49] INFO: Skill:Summon Mechanic Golem level:1 passive:false 
[19:02:49] INFO: Range:-1 targettype:SELF power:0.0 
[19:02:49] INFO: Reusedelay:5000 hittime:8000 
[19:03:18] INFO: Debugging: Innie 
[19:03:18] INFO: Skill:Summon Mechanic Golem level:1 passive:false 
[19:03:18] INFO: Range:-1 targettype:SELF power:0.0 
[19:03:18] INFO: Reusedelay:5000 hittime:8000 
[19:03:22] INFO: Debugging: Innie 
[19:03:22] INFO: Skill:Summon Mechanic Golem level:1 passive:false 
[19:03:22] INFO: Range:-1 targettype:SELF power:0.0 
[19:03:22] INFO: Reusedelay:5000 hittime:8000 
[19:03:22] INFO: Debugging: Innie 
[19:03:22] INFO: Skill:Summon Mechanic Golem level:1 passive:false 
[19:03:22] INFO: Range:-1 targettype:SELF power:0.0 
[19:03:22] INFO: Reusedelay:5000 hittime:8000 
[19:03:23] INFO: Debugging: Innie 
[19:03:23] INFO: Skill:Summon Mechanic Golem level:1 passive:false 
[19:03:23] INFO: Range:-1 targettype:SELF power:0.0 
[19:03:23] INFO: Reusedelay:5000 hittime:8000 
[19:03:23] INFO: Debugging: Innie 
[19:03:23] INFO: Skill:Summon Mechanic Golem level:1 passive:false 
[19:03:23] INFO: Range:-1 targettype:SELF power:0.0 
[19:03:23] INFO: Reusedelay:5000 hittime:8000 
[19:03:37] INFO: Debugging: Innie 
[19:03:37] INFO: Skill:Summon Mechanic Golem level:1 passive:false 
[19:03:37] INFO: Range:-1 targettype:SELF power:0.0 
[19:03:37] INFO: Reusedelay:5000 hittime:8000 
[19:03:37] INFO: Debugging: Innie 
[19:03:37] INFO: Skill:Summon Mechanic Golem level:1 passive:false 
[19:03:37] INFO: Range:-1 targettype:SELF power:0.0 
[19:03:37] INFO: Reusedelay:5000 hittime:8000 
[19:03:37] INFO: Debugging: Innie 
[19:03:37] INFO: Skill:Summon Mechanic Golem level:1 passive:false 
[19:03:37] INFO: Range:-1 targettype:SELF power:0.0 
[19:03:37] INFO: Reusedelay:5000 hittime:8000 
[19:03:37] INFO: Debugging: Innie 
[19:03:37] INFO: Skill:Summon Mechanic Golem level:1 passive:false 
[19:03:37] INFO: Range:-1 targettype:SELF power:0.0 
[19:03:37] INFO: Reusedelay:5000 hittime:8000 
[19:03:37] INFO: Debugging: Innie 
[19:03:37] INFO: Skill:Summon Mechanic Golem level:1 passive:false 
[19:03:37] INFO: Range:-1 targettype:SELF power:0.0 
[19:03:37] INFO: Reusedelay:5000 hittime:8000 
[19:06:49] WARN: Master access level set for character Innie 
[19:06:50] INFO: SevenSigns: Data updated successfully. 
[19:06:50] INFO: Event Engine: Global statistics reloaded. 
[19:06:50] INFO: PremiumChecker: Services reloaded in 1 ms. 
[19:07:20] INFO: TopListsUpdater: Data reloaded in 5 ms. 
[19:12:48] INFO: Debugging: Innie 
[19:12:48] INFO: Skill:Earthquake level:1 passive:false 
[19:12:48] INFO: Range:-1 targettype:AURA power:4848.0 
[19:12:48] INFO: Reusedelay:8000 hittime:1800 
[19:12:54] INFO: Debugging: Innie 
[19:12:54] INFO: Skill:Earthquake level:1 passive:false 
[19:12:54] INFO: Range:-1 targettype:AURA power:4848.0 
[19:12:54] INFO: Reusedelay:8000 hittime:1800 
[19:13:01] INFO: Debugging: Innie 
[19:13:01] INFO: Skill:Hammer Crush level:37 passive:false 
[19:13:01] INFO: Range:40 targettype:ONE power:2411.0 
[19:13:01] INFO: Reusedelay:3000 hittime:1080 
[19:13:08] INFO: Debugging: Innie 
[19:13:08] INFO: Skill:Earthquake level:1 passive:false 
[19:13:08] INFO: Range:-1 targettype:AURA power:4848.0 
[19:13:08] INFO: Reusedelay:8000 hittime:1800 
[19:13:33] INFO: Debugging: Innie 
[19:13:33] INFO: Skill:Earthquake level:1 passive:false 
[19:13:33] INFO: Range:-1 targettype:AURA power:4848.0 
[19:13:33] INFO: Reusedelay:8000 hittime:1800 
[19:13:43] INFO: Debugging: Innie 
[19:13:43] INFO: Skill:Earthquake level:1 passive:false 
[19:13:43] INFO: Range:-1 targettype:AURA power:4848.0 
[19:13:43] INFO: Reusedelay:8000 hittime:1800 
[19:13:51] INFO: Debugging: Innie 
[19:13:51] INFO: Skill:Earthquake level:1 passive:false 
[19:13:51] INFO: Range:-1 targettype:AURA power:4848.0 
[19:13:51] INFO: Reusedelay:8000 hittime:1800 
[19:13:57] INFO: Debugging: Innie 
[19:13:57] INFO: Skill:Earthquake level:1 passive:false 
[19:13:57] INFO: Range:-1 targettype:AURA power:4848.0 
[19:13:57] INFO: Reusedelay:8000 hittime:1800 
[19:14:03] INFO: Debugging: Innie 
[19:14:03] INFO: Skill:Earthquake level:1 passive:false 
[19:14:03] INFO: Range:-1 targettype:AURA power:4848.0 
[19:14:03] INFO: Reusedelay:8000 hittime:1800 
[19:14:09] INFO: Debugging: Innie 
[19:14:09] INFO: Skill:Earthquake level:1 passive:false 
[19:14:09] INFO: Range:-1 targettype:AURA power:4848.0 
[19:14:09] INFO: Reusedelay:8000 hittime:1800 
[19:14:15] INFO: Debugging: Innie 
[19:14:15] INFO: Skill:Earthquake level:1 passive:false 
[19:14:15] INFO: Range:-1 targettype:AURA power:4848.0 
[19:14:15] INFO: Reusedelay:8000 hittime:1800 
[19:14:25] INFO: Debugging: Innie 
[19:14:25] INFO: Skill:Earthquake level:1 passive:false 
[19:14:25] INFO: Range:-1 targettype:AURA power:4848.0 
[19:14:25] INFO: Reusedelay:8000 hittime:1800 
[19:14:31] INFO: Debugging: Innie 
[19:14:31] INFO: Skill:Earthquake level:1 passive:false 
[19:14:31] INFO: Range:-1 targettype:AURA power:4848.0 
[19:14:31] INFO: Reusedelay:8000 hittime:1800 
[19:14:37] INFO: Debugging: Innie 
[19:14:37] INFO: Skill:Earthquake level:1 passive:false 
[19:14:37] INFO: Range:-1 targettype:AURA power:4848.0 
[19:14:37] INFO: Reusedelay:8000 hittime:1800 
[19:14:43] INFO: Debugging: Innie 
[19:14:43] INFO: Skill:Earthquake level:1 passive:false 
[19:14:43] INFO: Range:-1 targettype:AURA power:4848.0 
[19:14:43] INFO: Reusedelay:8000 hittime:1800 
[19:14:49] INFO: Debugging: Innie 
[19:14:49] INFO: Skill:Earthquake level:1 passive:false 
[19:14:49] INFO: Range:-1 targettype:AURA power:4848.0 
[19:14:49] INFO: Reusedelay:8000 hittime:1800 
[19:15:03] INFO: Debugging: Innie 
[19:15:03] INFO: Skill:Earthquake level:1 passive:false 
[19:15:03] INFO: Range:-1 targettype:AURA power:4848.0 
[19:15:03] INFO: Reusedelay:8000 hittime:1800 
[19:15:11] INFO: Debugging: Innie 
[19:15:11] INFO: Skill:Earthquake level:1 passive:false 
[19:15:11] INFO: Range:-1 targettype:AURA power:4848.0 
[19:15:11] INFO: Reusedelay:8000 hittime:1800 
[19:15:16] INFO: Debugging: Innie 
[19:15:16] INFO: Skill:Earthquake level:1 passive:false 
[19:15:16] INFO: Range:-1 targettype:AURA power:4848.0 
[19:15:16] INFO: Reusedelay:8000 hittime:1800 
[19:15:22] INFO: Debugging: Innie 
[19:15:22] INFO: Skill:Earthquake level:1 passive:false 
[19:15:22] INFO: Range:-1 targettype:AURA power:4848.0 
[19:15:22] INFO: Reusedelay:8000 hittime:1800 
[19:15:25] INFO: Debugging: Innie 
[19:15:25] INFO: Skill:Wrath level:10 passive:false 
[19:15:25] INFO: Range:40 targettype:FRONT_AREA power:30.0 
[19:15:25] INFO: Reusedelay:30000 hittime:1080 
[19:15:35] INFO: Debugging: Innie 
[19:15:35] INFO: Skill:Repair Golem level:3 passive:false 
[19:15:35] INFO: Range:40 targettype:SUMMON power:0.0 
[19:15:35] INFO: Reusedelay:2000 hittime:2500 
[19:15:37] INFO: Debugging: Innie 
[19:15:37] INFO: Skill:Repair Golem level:3 passive:false 
[19:15:37] INFO: Range:40 targettype:SUMMON power:0.0 
[19:15:37] INFO: Reusedelay:2000 hittime:2500 
[19:15:39] INFO: Debugging: Innie 
[19:15:39] INFO: Skill:Earthquake level:1 passive:false 
[19:15:39] INFO: Range:-1 targettype:AURA power:4848.0 
[19:15:39] INFO: Reusedelay:8000 hittime:1800 
[19:15:47] INFO: Debugging: Innie 
[19:15:47] INFO: Skill:Earthquake level:1 passive:false 
[19:15:47] INFO: Range:-1 targettype:AURA power:4848.0 
[19:15:47] INFO: Reusedelay:8000 hittime:1800 
[19:15:53] INFO: Debugging: Innie 
[19:15:53] INFO: Skill:Earthquake level:1 passive:false 
[19:15:53] INFO: Range:-1 targettype:AURA power:4848.0 
[19:15:53] INFO: Reusedelay:8000 hittime:1800 
[19:15:57] INFO: Debugging: Innie 
[19:15:57] INFO: Skill:Whirlwind level:37 passive:false 
[19:15:57] INFO: Range:-1 targettype:AURA power:2740.0 
[19:15:57] INFO: Reusedelay:4000 hittime:1070 
[19:15:59] INFO: Debugging: Innie 
[19:15:59] INFO: Skill:Wrath level:10 passive:false 
[19:15:59] INFO: Range:40 targettype:FRONT_AREA power:30.0 
[19:15:59] INFO: Reusedelay:30000 hittime:1080 
[19:16:00] INFO: Debugging: Innie 
[19:16:00] INFO: Skill:Earthquake level:1 passive:false 
[19:16:00] INFO: Range:-1 targettype:AURA power:4848.0 
[19:16:00] INFO: Reusedelay:8000 hittime:1800 
[19:16:05] INFO: Debugging: Innie 
[19:16:05] INFO: Skill:Spoil level:1 passive:false 
[19:16:05] INFO: Range:40 targettype:ONE power:0.0 
[19:16:05] INFO: Reusedelay:3000 hittime:1800 
[19:16:09] INFO: Debugging: Innie 
[19:16:09] INFO: Skill:Earthquake level:1 passive:false 
[19:16:09] INFO: Range:-1 targettype:AURA power:4848.0 
[19:16:09] INFO: Reusedelay:8000 hittime:1800 
[19:16:15] INFO: Debugging: Innie 
[19:16:15] INFO: Skill:Rush Impact level:1 passive:false 
[19:16:15] INFO: Range:600 targettype:FRONT_AREA power:4224.0 
[19:16:15] INFO: Reusedelay:20000 hittime:800 
[19:16:20] INFO: Debugging: Innie 
[19:16:20] INFO: Skill:Earthquake level:1 passive:false 
[19:16:20] INFO: Range:-1 targettype:AURA power:4848.0 
[19:16:20] INFO: Reusedelay:8000 hittime:1800 
[19:16:26] INFO: Debugging: Innie 
[19:16:26] INFO: Skill:Earthquake level:1 passive:false 
[19:16:26] INFO: Range:-1 targettype:AURA power:4848.0 
[19:16:26] INFO: Reusedelay:8000 hittime:1800 
[19:16:32] INFO: Debugging: Innie 
[19:16:32] INFO: Skill:Earthquake level:1 passive:false 
[19:16:32] INFO: Range:-1 targettype:AURA power:4848.0 
[19:16:32] INFO: Reusedelay:8000 hittime:1800 
[19:16:56] INFO: Event Engine: Trying to find an event to be started: 
[19:18:16] INFO: Debugging: Innie 
[19:18:16] INFO: Skill:Earthquake level:1 passive:false 
[19:18:16] INFO: Range:-1 targettype:AURA power:4848.0 
[19:18:16] INFO: Reusedelay:8000 hittime:1800 
[19:18:22] INFO: Debugging: Innie 
[19:18:22] INFO: Skill:Earthquake level:1 passive:false 
[19:18:22] INFO: Range:-1 targettype:AURA power:4848.0 
[19:18:22] INFO: Reusedelay:8000 hittime:1800 
[19:18:26] INFO: Debugging: Innie 
[19:18:26] INFO: Skill:Whirlwind level:37 passive:false 
[19:18:26] INFO: Range:-1 targettype:AURA power:2740.0 
[19:18:26] INFO: Reusedelay:4000 hittime:1070 
[19:18:29] INFO: Debugging: Innie 
[19:18:29] INFO: Skill:Earthquake level:1 passive:false 
[19:18:29] INFO: Range:-1 targettype:AURA power:4848.0 
[19:18:29] INFO: Reusedelay:8000 hittime:1800 
[19:18:33] INFO: Debugging: Innie 
[19:18:33] INFO: Skill:Fatal Strike level:37 passive:false 
[19:18:33] INFO: Range:40 targettype:ONE power:3653.0 
[19:18:33] INFO: Reusedelay:3000 hittime:1080 
[19:18:33] INFO: Debugging: Innie 
[19:18:33] INFO: Skill:Fatal Strike level:37 passive:false 
[19:18:33] INFO: Range:40 targettype:ONE power:3653.0 
[19:18:33] INFO: Reusedelay:3000 hittime:1080 
[19:18:35] INFO: Debugging: Innie 
[19:18:35] INFO: Skill:Earthquake level:1 passive:false 
[19:18:35] INFO: Range:-1 targettype:AURA power:4848.0 
[19:18:35] INFO: Reusedelay:8000 hittime:1800 
[19:18:40] INFO: Debugging: Innie 
[19:18:40] INFO: Skill:Summon Mechanic Golem level:9 passive:false 
[19:18:40] INFO: Range:-1 targettype:SELF power:0.0 
[19:18:40] INFO: Reusedelay:5000 hittime:8000 
[19:18:41] INFO: Debugging: Innie 
[19:18:41] INFO: Skill:Bandage level:3 passive:false 
[19:18:41] INFO: Range:-1 targettype:SELF power:0.0 
[19:18:41] INFO: Reusedelay:1000 hittime:1500 
[19:18:42] INFO: Debugging: Innie 
[19:18:42] INFO: Skill:Earthquake level:1 passive:false 
[19:18:42] INFO: Range:-1 targettype:AURA power:4848.0 
[19:18:42] INFO: Reusedelay:8000 hittime:1800 
[19:18:48] INFO: Debugging: Innie 
[19:18:48] INFO: Skill:Earthquake level:1 passive:false 
[19:18:48] INFO: Range:-1 targettype:AURA power:4848.0 
[19:18:48] INFO: Reusedelay:8000 hittime:1800 
[19:20:16] INFO: Debugging: Innie 
[19:20:16] INFO: Skill:Earthquake level:1 passive:false 
[19:20:16] INFO: Range:-1 targettype:AURA power:4848.0 
[19:20:16] INFO: Reusedelay:8000 hittime:1800 
[19:20:28] INFO: Debugging: Innie 
[19:20:28] INFO: Skill:Earthquake level:1 passive:false 
[19:20:28] INFO: Range:-1 targettype:AURA power:4848.0 
[19:20:28] INFO: Reusedelay:8000 hittime:1800 
[19:20:34] INFO: Debugging: Innie 
[19:20:34] INFO: Skill:Earthquake level:1 passive:false 
[19:20:34] INFO: Range:-1 targettype:AURA power:4848.0 
[19:20:34] INFO: Reusedelay:8000 hittime:1800 
[19:21:50] INFO: Olympiad System: Data updated. 
[19:36:50] INFO: SevenSigns: Data updated successfully. 
[19:36:50] INFO: Event Engine: Global statistics reloaded. 
[19:37:20] INFO: TopListsUpdater: Data reloaded in 5 ms. 
[19:37:30] INFO: Debugging: Innie 
[19:37:30] INFO: Skill:Golem Armor level:1 passive:false 
[19:37:30] INFO: Range:-1 targettype:SELF power:0.0 
[19:37:30] INFO: Reusedelay:3600000 hittime:2500 
[19:37:36] INFO: Debugging: Innie 
[19:37:36] INFO: Skill:Golem Tornado Swing level:1 passive:false 
[19:37:36] INFO: Range:-1 targettype:AURA power:6199.0 
[19:37:36] INFO: Reusedelay:8000 hittime:830 
[19:37:42] INFO: Debugging: Innie 
[19:37:42] INFO: Skill:Golem Tornado Swing level:1 passive:false 
[19:37:42] INFO: Range:-1 targettype:AURA power:6199.0 
[19:37:42] INFO: Reusedelay:8000 hittime:830 
[19:37:44] INFO: Debugging: Innie 
[19:37:44] INFO: Skill:Golem Punch level:1 passive:false 
[19:37:44] INFO: Range:40 targettype:ONE power:11205.0 
[19:37:44] INFO: Reusedelay:3000 hittime:830 
[19:37:47] INFO: Debugging: Innie 
[19:37:47] INFO: Skill:Golem Punch level:1 passive:false 
[19:37:47] INFO: Range:40 targettype:ONE power:11205.0 
[19:37:47] INFO: Reusedelay:3000 hittime:830 
[19:37:52] INFO: Debugging: Innie 
[19:37:52] INFO: Skill:Over-hit level:1 passive:false 
[19:37:52] INFO: Range:-1 targettype:SELF power:0.0 
[19:37:52] INFO: Reusedelay:2000 hittime:1500 
[19:38:04] INFO: Debugging: Innie 
[19:38:04] INFO: Skill:Over-hit level:1 passive:false 
[19:38:04] INFO: Range:-1 targettype:SELF power:0.0 
[19:38:04] INFO: Reusedelay:2000 hittime:1500 
[19:38:09] INFO: Debugging: Innie 
[19:38:09] INFO: Skill:Over-hit level:1 passive:false 
[19:38:09] INFO: Range:-1 targettype:SELF power:0.0 
[19:38:09] INFO: Reusedelay:2000 hittime:1500 
[19:38:23] INFO: Debugging: Innie 
[19:38:23] INFO: Skill:Magic Obstacle level:1 passive:false 
[19:38:23] INFO: Range:-1 targettype:AURA power:0.0 
[19:38:23] INFO: Reusedelay:75000 hittime:1500 
[19:38:36] INFO: Debugging: Innie 
[19:38:36] INFO: Skill:Transform Dispel level:1 passive:false 
[19:38:36] INFO: Range:-1 targettype:SELF power:0.0 
[19:38:36] INFO: Reusedelay:0 hittime:2500 
[19:40:59] WARN: No handler registered for admin command 'admin_cd' 
[19:41:04] WARN: No handler registered for admin command 'admin_cooldown' 
[19:41:06] WARN: No handler registered for admin command 'admin_cd' 
[19:43:32] INFO: DocumentEngine: Loaded 66008 Skill templates from XML files. 
[19:43:32] INFO: SkillTreesData: Loaded 17176 Class Skills. 
[19:43:32] INFO: SkillTreesData: Loaded 76 Sub-Class Skills. 
[19:43:32] INFO: SkillTreesData: Loaded 77 Transfer Skills. 
[19:43:32] INFO: SkillTreesData: Loaded 117 Fishing Skills. 
[19:43:32] INFO: SkillTreesData: Loaded 3 Collect Skills. 
[19:43:32] INFO: SkillTreesData: Loaded 74 Pledge Skills. 
[19:43:32] INFO: SkillTreesData: Loaded 18 Sub-Pledge Skills. 
[19:43:32] INFO: SkillTreesData: Loaded 32 Transform Skills. 
[19:43:32] INFO: SkillTreesData: Loaded 8 Noble Skills. 
[19:43:32] INFO: SkillTreesData: Loaded 5 Hero Skills. 
[19:43:32] INFO: SkillTreesData: Loaded 46 Game Master Skills. 
[19:43:32] INFO: SkillTreesData: Loaded 46 Game Master Aura Skills. 
[19:45:42] WARN: No handler registered for admin command 'admin_refresh' 
[19:45:51] WARN: No handler registered for admin command 'admin_reset' 
[19:46:04] WARN: No handler registered for admin command 'admin_gmhaste' 
[19:46:12] INFO: Debugging: Innie 
[19:46:12] INFO: Skill:Heroic Valor level:1 passive:false 
[19:46:12] INFO: Range:-1 targettype:CLAN power:0.0 
[19:46:12] INFO: Reusedelay:900000 hittime:2500 
[19:46:16] INFO: Debugging: Innie 
[19:46:16] INFO: Skill:Whirlwind level:37 passive:false 
[19:46:16] INFO: Range:-1 targettype:AURA power:2740.0 
[19:46:16] INFO: Reusedelay:4000 hittime:1070 
[19:46:43] WARN: No handler registered for admin command 'admin_st' 
[19:46:53] INFO: Debugging: Innie 
[19:46:53] INFO: Skill:Hammer Crush level:37 passive:false 
[19:46:53] INFO: Range:40 targettype:ONE power:2411.0 
[19:46:53] INFO: Reusedelay:3000 hittime:1080 
[19:46:58] INFO: Event Engine: Registration phase ended. 
[19:46:58] INFO: Event Engine: Not enought participants. 
[19:46:58] INFO: Event Engine: Event DM finished clearPlayers() for instance ID 0 
[19:46:58] INFO: Event Engine: Next event in 20 minutes. 
[19:47:01] INFO: Debugging: Innie 
[19:47:01] INFO: Skill:Earthquake level:1 passive:false 
[19:47:01] INFO: Range:-1 targettype:AURA power:4848.0 
[19:47:01] INFO: Reusedelay:8000 hittime:1800 
[19:47:40] WARN: Master access level set for character Innie 
[19:50:10] INFO: DocumentEngine: Loaded 66008 Skill templates from XML files. 
[19:50:10] INFO: SkillTreesData: Loaded 17176 Class Skills. 
[19:50:10] INFO: SkillTreesData: Loaded 76 Sub-Class Skills. 
[19:50:10] INFO: SkillTreesData: Loaded 77 Transfer Skills. 
[19:50:10] INFO: SkillTreesData: Loaded 117 Fishing Skills. 
[19:50:10] INFO: SkillTreesData: Loaded 3 Collect Skills. 
[19:50:10] INFO: SkillTreesData: Loaded 74 Pledge Skills. 
[19:50:10] INFO: SkillTreesData: Loaded 18 Sub-Pledge Skills. 
[19:50:10] INFO: SkillTreesData: Loaded 32 Transform Skills. 
[19:50:10] INFO: SkillTreesData: Loaded 8 Noble Skills. 
[19:50:10] INFO: SkillTreesData: Loaded 5 Hero Skills. 
[19:50:10] INFO: SkillTreesData: Loaded 46 Game Master Skills. 
[19:50:10] INFO: SkillTreesData: Loaded 46 Game Master Aura Skills. 
[19:50:15] INFO: DocumentEngine: Loaded 66008 Skill templates from XML files. 
[19:50:16] INFO: SkillTreesData: Loaded 17176 Class Skills. 
[19:50:16] INFO: SkillTreesData: Loaded 76 Sub-Class Skills. 
[19:50:16] INFO: SkillTreesData: Loaded 77 Transfer Skills. 
[19:50:16] INFO: SkillTreesData: Loaded 117 Fishing Skills. 
[19:50:16] INFO: SkillTreesData: Loaded 3 Collect Skills. 
[19:50:16] INFO: SkillTreesData: Loaded 74 Pledge Skills. 
[19:50:16] INFO: SkillTreesData: Loaded 18 Sub-Pledge Skills. 
[19:50:16] INFO: SkillTreesData: Loaded 32 Transform Skills. 
[19:50:16] INFO: SkillTreesData: Loaded 8 Noble Skills. 
[19:50:16] INFO: SkillTreesData: Loaded 5 Hero Skills. 
[19:50:16] INFO: SkillTreesData: Loaded 46 Game Master Skills. 
[19:50:16] INFO: SkillTreesData: Loaded 46 Game Master Aura Skills. 
[19:51:50] INFO: Olympiad System: Data updated. 
[19:58:37] WARN: No handler registered for admin command 'admin_info' 
[20:00:00] INFO: DayNightSpawnManager: Removed 232 day creatures 
[20:00:00] INFO: DayNightSpawnManager: Spawned 553 night creatures 
[20:00:00] INFO: DayNightSpawnManager: Spawning Hellman raidboss 
[20:02:22] WARN: No handler registered for admin command 'admin_day' 
[20:02:26] WARN: No handler registered for admin command 'admin_daylight' 
[20:06:50] INFO: SevenSigns: Data updated successfully. 
[20:06:50] INFO: Event Engine: Global statistics reloaded. 
[20:06:50] INFO: PremiumChecker: Services reloaded in 1 ms. 
[20:06:51] INFO: ArenaManager: Autotask init. 
[20:06:51] INFO: CraftManager: Autotask init. 
[20:06:58] INFO: Event Engine: Trying to find an event to be started: 
[20:07:20] INFO: TopListsUpdater: Data reloaded in 4 ms. 
[20:21:50] INFO: Olympiad System: Data updated. 
[20:36:50] INFO: SevenSigns: Data updated successfully. 
[20:36:50] INFO: Event Engine: Global statistics reloaded. 
[20:36:58] INFO: Event Engine: Registration phase ended. 
[20:36:58] INFO: Event Engine: Not enought participants. 
[20:36:58] INFO: Event Engine: Event LastMan finished clearPlayers() for instance ID 0 
[20:36:58] INFO: Event Engine: Next event in 20 minutes. 
[20:37:20] INFO: TopListsUpdater: Data reloaded in 4 ms. 
[20:51:50] INFO: Olympiad System: Data updated. 
[20:56:58] INFO: Event Engine: Trying to find an event to be started: 
[21:00:00] INFO: DayNightSpawnManager: Removed 553 night creatures 
[21:00:00] INFO: DayNightSpawnManager: Spawned 232 day creatures 
[21:00:00] INFO: DayNightSpawnManager: Deleting Hellman raidboss 
[21:06:50] INFO: SevenSigns: Data updated successfully. 
[21:06:50] INFO: Event Engine: Global statistics reloaded. 
[21:06:50] INFO: PremiumChecker: Services reloaded in 1 ms. 
[21:07:20] INFO: TopListsUpdater: Data reloaded in 4 ms. 
[21:21:50] INFO: Olympiad System: Data updated. 
[21:26:59] INFO: Event Engine: Registration phase ended. 
[21:26:59] INFO: Event Engine: Not enought participants. 
[21:26:59] INFO: Event Engine: Event TvTAdv finished clearPlayers() for instance ID 0 
[21:26:59] INFO: Event Engine: Next event in 20 minutes. 
[21:36:50] INFO: SevenSigns: Data updated successfully. 
[21:36:50] INFO: Event Engine: Global statistics reloaded. 
[21:37:20] INFO: TopListsUpdater: Data reloaded in 4 ms. 
[21:41:13] INFO: Debugging: Innie 
[21:41:13] INFO: Skill:Golem Punch level:1 passive:false 
[21:41:13] INFO: Range:40 targettype:ONE power:11205.0 
[21:41:13] INFO: Reusedelay:3000 hittime:830 
[21:41:18] INFO: Debugging: Innie 
[21:41:18] INFO: Skill:Golem Punch level:1 passive:false 
[21:41:18] INFO: Range:40 targettype:ONE power:11205.0 
[21:41:18] INFO: Reusedelay:3000 hittime:830 
[21:41:43] INFO: Debugging: Innie 
[21:41:43] INFO: Skill:Golem Punch level:1 passive:false 
[21:41:43] INFO: Range:40 targettype:ONE power:11205.0 
[21:41:43] INFO: Reusedelay:3000 hittime:830 
[21:41:47] INFO: Debugging: Innie 
[21:41:47] INFO: Skill:Golem Punch level:1 passive:false 
[21:41:47] INFO: Range:40 targettype:ONE power:11205.0 
[21:41:47] INFO: Reusedelay:3000 hittime:830 
[21:41:49] INFO: Debugging: Innie 
[21:41:49] INFO: Skill:Golem Tornado Swing level:1 passive:false 
[21:41:49] INFO: Range:-1 targettype:AURA power:6199.0 
[21:41:49] INFO: Reusedelay:8000 hittime:830 
[21:41:51] INFO: Debugging: Innie 
[21:41:51] INFO: Skill:Golem Punch level:1 passive:false 
[21:41:51] INFO: Range:40 targettype:ONE power:11205.0 
[21:41:51] INFO: Reusedelay:3000 hittime:830 
[21:41:54] INFO: Debugging: Innie 
[21:41:54] INFO: Skill:Golem Punch level:1 passive:false 
[21:41:54] INFO: Range:40 targettype:ONE power:11205.0 
[21:41:54] INFO: Reusedelay:3000 hittime:830 
[21:41:56] INFO: Debugging: Innie 
[21:41:56] INFO: Skill:Over-hit level:1 passive:false 
[21:41:56] INFO: Range:-1 targettype:SELF power:0.0 
[21:41:56] INFO: Reusedelay:2000 hittime:1500 
[21:41:57] INFO: Debugging: Innie 
[21:41:57] INFO: Skill:Magic Obstacle level:1 passive:false 
[21:41:57] INFO: Range:-1 targettype:AURA power:0.0 
[21:41:57] INFO: Reusedelay:75000 hittime:1500 
[21:42:14] INFO: Debugging: Innie 
[21:42:14] INFO: Skill:Transform Dispel level:1 passive:false 
[21:42:14] INFO: Range:-1 targettype:SELF power:0.0 
[21:42:14] INFO: Reusedelay:0 hittime:2500 
[21:42:18] INFO: Debugging: Innie 
[21:42:18] INFO: Skill:Earthquake level:1 passive:false 
[21:42:18] INFO: Range:-1 targettype:AURA power:4848.0 
[21:42:18] INFO: Reusedelay:8000 hittime:1800 
[21:42:40] INFO: Debugging: Innie 
[21:42:40] INFO: Skill:Final Secret level:1 passive:false 
[21:42:40] INFO: Range:-1 targettype:SELF power:0.0 
[21:42:40] INFO: Reusedelay:150000 hittime:1500 
[21:42:55] WARN: No handler registered for admin command 'admin_restart' 
[21:44:11] WARN: No handler registered for admin command 'admin_restart' 
[21:44:15] WARN: No handler registered for admin command 'admin_reboot' 
[21:44:31] WARN: GM: Innie(268481918) issued shutdown command. restarting in 10 seconds! 
[21:44:41] WARN: GM shutdown countdown is over. restarting NOW! 
[21:44:41] INFO: UPnP Service: All ports mappings deleted (0ms). 
[21:44:41] INFO: OfflineTradersTable: Offline traders stored. 
[21:44:41] INFO: Offline Traders Table: Offline shops stored(0ms). 
[21:44:42] INFO: All players disconnected and saved(840ms). 
[21:44:42] INFO: Stopping GameTimeController 
[21:44:42] INFO: Game Time Controller: Timer stopped(1ms). 
[21:44:48] INFO: All ThreadPools are now stopped 
[21:44:48] INFO: Thread Pool Manager: Manager has been shut down(6002ms). 
[21:44:48] INFO: Login Server Thread: Thread interruped(0ms). 
[21:44:48] INFO: GM restart received. Restarting NOW! 
[21:44:48] INFO: SevenSigns: Seven Signs data saved(0ms). 
[21:44:48] INFO: SevenSigns: Seven Signs status saved(2ms). 
[21:44:50] INFO: RaidBossSpawnManager: All raidboss info saved(1822ms). 
[21:44:50] INFO: GrandBossManager: All Grand Boss info saved(78ms). 
[21:44:50] INFO: Item Auction Manager: All tasks stopped(0ms). 
[21:44:50] INFO: Olympiad System: Data saved(9ms). 
[21:44:50] INFO: Hero System: Data saved(1ms). 
[21:44:50] INFO: Clan System: Data saved(18ms). 
[21:44:50] INFO: Cursed Weapons Manager: Data saved(1ms). 
[21:44:50] INFO: Castle Manor Manager: Data saved(0ms). 
[21:44:50] INFO: FortressOfTheDead: Sucessfully saved attackers down to database! 
[21:44:50] INFO: DevastatedCastle: Sucessfully saved attackers down to database! 
[21:44:50] INFO: BanditStronghold: Sucessfully saved attackers down to database! 
[21:44:50] INFO: FortressOfResistance: Sucessfully saved attackers down to database! 
[21:44:50] INFO: WildBeastReserve: Sucessfully saved attackers down to database! 
[21:44:50] INFO: CHSiegeManager: Siegable hall attacker lists saved! 
[21:44:50] INFO: Quest Manager: Data saved(9ms). 
[21:44:50] INFO: Global Variables Manager: Variables saved(0ms). 
[21:44:50] INFO: Bot Report Table: Successfully saved reports to database! 
[21:44:55] INFO: Game Server: Selector thread has been shut down(0ms). 
[21:44:55] INFO: L2Database Factory: Database connection has been shut down(2ms). 
